mode: set
azappconfig/provider/api/v1/azureappconfigurationprovider_types.go:261.59,264.31 2 0
azappconfig/provider/api/v1/azureappconfigurationprovider_types.go:264.31,266.3 1 0
azappconfig/provider/api/v1/azureappconfigurationprovider_types.go:267.2,267.33 1 0
azappconfig/provider/api/v1/azureappconfigurationprovider_types.go:267.33,269.3 1 0
azappconfig/provider/api/v1/azureappconfigurationprovider_types.go:270.2,270.34 1 0
azappconfig/provider/api/v1/azureappconfigurationprovider_types.go:270.34,272.3 1 0
azappconfig/provider/api/v1/azureappconfigurationprovider_types.go:273.2,273.34 1 0
azappconfig/provider/api/v1/azureappconfigurationprovider_types.go:273.34,279.17 5 0
azappconfig/provider/api/v1/azureappconfigurationprovider_types.go:279.17,283.4 2 0
azappconfig/provider/api/v1/azureappconfigurationprovider_types.go:283.9,286.4 2 0
azappconfig/provider/api/v1/azureappconfigurationprovider_types.go:289.2,289.19 1 0
azappconfig/provider/api/v1/azureappconfigurationprovider_types.go:292.61,295.33 2 0
azappconfig/provider/api/v1/azureappconfigurationprovider_types.go:295.33,297.3 1 0
azappconfig/provider/api/v1/azureappconfigurationprovider_types.go:298.2,298.35 1 0
azappconfig/provider/api/v1/azureappconfigurationprovider_types.go:298.35,300.3 1 0
azappconfig/provider/api/v1/azureappconfigurationprovider_types.go:301.2,301.36 1 0
azappconfig/provider/api/v1/azureappconfigurationprovider_types.go:301.36,303.3 1 0
azappconfig/provider/api/v1/azureappconfigurationprovider_types.go:304.2,304.66 1 0
azappconfig/provider/api/v1/azureappconfigurationprovider_types.go:304.66,308.17 3 0
azappconfig/provider/api/v1/azureappconfigurationprovider_types.go:308.17,311.4 1 0
azappconfig/provider/api/v1/azureappconfigurationprovider_types.go:312.3,312.35 1 0
azappconfig/provider/api/v1/azureappconfigurationprovider_types.go:315.2,315.17 1 0
azappconfig/provider/api/v1/azureappconfigurationprovider_types.go:318.13,320.2 1 0
azappconfig/provider/api/v1/zz_generated.deepcopy.go:12.111,14.25 2 0
azappconfig/provider/api/v1/zz_generated.deepcopy.go:14.25,17.22 3 0
azappconfig/provider/api/v1/zz_generated.deepcopy.go:17.22,19.4 1 0
azappconfig/provider/api/v1/zz_generated.deepcopy.go:21.2,21.23 1 0
azappconfig/provider/api/v1/zz_generated.deepcopy.go:21.23,25.3 3 0
azappconfig/provider/api/v1/zz_generated.deepcopy.go:29.104,30.15 1 0
azappconfig/provider/api/v1/zz_generated.deepcopy.go:30.15,32.3 1 0
azappconfig/provider/api/v1/zz_generated.deepcopy.go:33.2,35.12 3 0
azappconfig/provider/api/v1/zz_generated.deepcopy.go:39.105,41.25 2 0
azappconfig/provider/api/v1/zz_generated.deepcopy.go:41.25,44.22 3 0
azappconfig/provider/api/v1/zz_generated.deepcopy.go:44.22,46.4 1 0
azappconfig/provider/api/v1/zz_generated.deepcopy.go:48.2,48.31 1 0
azappconfig/provider/api/v1/zz_generated.deepcopy.go:48.31,52.3 3 0
azappconfig/provider/api/v1/zz_generated.deepcopy.go:53.2,53.23 1 0
azappconfig/provider/api/v1/zz_generated.deepcopy.go:53.23,57.3 3 0
azappconfig/provider/api/v1/zz_generated.deepcopy.go:61.98,62.15 1 0
azappconfig/provider/api/v1/zz_generated.deepcopy.go:62.15,64.3 1 0
azappconfig/provider/api/v1/zz_generated.deepcopy.go:65.2,67.12 3 0
azappconfig/provider/api/v1/zz_generated.deepcopy.go:71.91,77.2 5 0
azappconfig/provider/api/v1/zz_generated.deepcopy.go:80.84,81.15 1 0
azappconfig/provider/api/v1/zz_generated.deepcopy.go:81.15,83.3 1 0
azappconfig/provider/api/v1/zz_generated.deepcopy.go:84.2,86.12 3 0
azappconfig/provider/api/v1/zz_generated.deepcopy.go:90.74,91.34 1 0
azappconfig/provider/api/v1/zz_generated.deepcopy.go:91.34,93.3 1 0
azappconfig/provider/api/v1/zz_generated.deepcopy.go:94.2,94.12 1 0
azappconfig/provider/api/v1/zz_generated.deepcopy.go:98.99,100.39 2 0
azappconfig/provider/api/v1/zz_generated.deepcopy.go:100.39,104.3 3 0
azappconfig/provider/api/v1/zz_generated.deepcopy.go:105.2,105.41 1 0
azappconfig/provider/api/v1/zz_generated.deepcopy.go:105.41,109.3 3 0
azappconfig/provider/api/v1/zz_generated.deepcopy.go:110.2,110.32 1 0
azappconfig/provider/api/v1/zz_generated.deepcopy.go:110.32,114.3 3 0
azappconfig/provider/api/v1/zz_generated.deepcopy.go:118.92,119.15 1 0
azappconfig/provider/api/v1/zz_generated.deepcopy.go:119.15,121.3 1 0
azappconfig/provider/api/v1/zz_generated.deepcopy.go:122.2,124.12 3 0
azappconfig/provider/api/v1/zz_generated.deepcopy.go:128.99,132.21 4 0
azappconfig/provider/api/v1/zz_generated.deepcopy.go:132.21,135.22 3 0
azappconfig/provider/api/v1/zz_generated.deepcopy.go:135.22,137.4 1 0
azappconfig/provider/api/v1/zz_generated.deepcopy.go:142.92,143.15 1 0
azappconfig/provider/api/v1/zz_generated.deepcopy.go:143.15,145.3 1 0
azappconfig/provider/api/v1/zz_generated.deepcopy.go:146.2,148.12 3 0
azappconfig/provider/api/v1/zz_generated.deepcopy.go:152.78,153.34 1 0
azappconfig/provider/api/v1/zz_generated.deepcopy.go:153.34,155.3 1 0
azappconfig/provider/api/v1/zz_generated.deepcopy.go:156.2,156.12 1 0
azappconfig/provider/api/v1/zz_generated.deepcopy.go:160.99,162.24 2 0
azappconfig/provider/api/v1/zz_generated.deepcopy.go:162.24,166.3 3 0
azappconfig/provider/api/v1/zz_generated.deepcopy.go:167.2,167.41 1 0
azappconfig/provider/api/v1/zz_generated.deepcopy.go:167.41,171.3 3 0
azappconfig/provider/api/v1/zz_generated.deepcopy.go:172.2,173.20 2 0
azappconfig/provider/api/v1/zz_generated.deepcopy.go:173.20,177.3 3 0
azappconfig/provider/api/v1/zz_generated.deepcopy.go:178.2,179.22 2 0
azappconfig/provider/api/v1/zz_generated.deepcopy.go:179.22,183.3 3 0
azappconfig/provider/api/v1/zz_generated.deepcopy.go:184.2,184.27 1 0
azappconfig/provider/api/v1/zz_generated.deepcopy.go:184.27,188.3 3 0
azappconfig/provider/api/v1/zz_generated.deepcopy.go:192.92,193.15 1 0
azappconfig/provider/api/v1/zz_generated.deepcopy.go:193.15,195.3 1 0
azappconfig/provider/api/v1/zz_generated.deepcopy.go:196.2,198.12 3 0
azappconfig/provider/api/v1/zz_generated.deepcopy.go:202.103,207.2 4 0
azappconfig/provider/api/v1/zz_generated.deepcopy.go:210.96,211.15 1 0
azappconfig/provider/api/v1/zz_generated.deepcopy.go:211.15,213.3 1 0
azappconfig/provider/api/v1/zz_generated.deepcopy.go:214.2,216.12 3 0
azappconfig/provider/api/v1/zz_generated.deepcopy.go:220.67,222.49 2 0
azappconfig/provider/api/v1/zz_generated.deepcopy.go:222.49,226.3 3 0
azappconfig/provider/api/v1/zz_generated.deepcopy.go:227.2,227.25 1 0
azappconfig/provider/api/v1/zz_generated.deepcopy.go:227.25,230.22 3 0
azappconfig/provider/api/v1/zz_generated.deepcopy.go:230.22,232.4 1 0
azappconfig/provider/api/v1/zz_generated.deepcopy.go:237.60,238.15 1 0
azappconfig/provider/api/v1/zz_generated.deepcopy.go:238.15,240.3 1 0
azappconfig/provider/api/v1/zz_generated.deepcopy.go:241.2,243.12 3 0
azappconfig/provider/api/v1/zz_generated.deepcopy.go:247.83,249.49 2 0
azappconfig/provider/api/v1/zz_generated.deepcopy.go:249.49,253.3 3 0
azappconfig/provider/api/v1/zz_generated.deepcopy.go:257.76,258.15 1 0
azappconfig/provider/api/v1/zz_generated.deepcopy.go:258.15,260.3 1 0
azappconfig/provider/api/v1/zz_generated.deepcopy.go:261.2,263.12 3 0
azappconfig/provider/api/v1/zz_generated.deepcopy.go:267.69,269.25 2 0
azappconfig/provider/api/v1/zz_generated.deepcopy.go:269.25,273.3 3 0
azappconfig/provider/api/v1/zz_generated.deepcopy.go:274.2,274.27 1 0
azappconfig/provider/api/v1/zz_generated.deepcopy.go:274.27,278.3 3 0
azappconfig/provider/api/v1/zz_generated.deepcopy.go:279.2,279.26 1 0
azappconfig/provider/api/v1/zz_generated.deepcopy.go:279.26,283.3 3 0
azappconfig/provider/api/v1/zz_generated.deepcopy.go:284.2,284.28 1 0
azappconfig/provider/api/v1/zz_generated.deepcopy.go:284.28,288.3 3 0
azappconfig/provider/api/v1/zz_generated.deepcopy.go:292.62,293.15 1 0
azappconfig/provider/api/v1/zz_generated.deepcopy.go:293.15,295.3 1 0
azappconfig/provider/api/v1/zz_generated.deepcopy.go:296.2,298.12 3 0
azappconfig/provider/api/v1/zz_generated.deepcopy.go:302.99,304.29 2 0
azappconfig/provider/api/v1/zz_generated.deepcopy.go:304.29,308.3 3 0
azappconfig/provider/api/v1/zz_generated.deepcopy.go:312.92,313.15 1 0
azappconfig/provider/api/v1/zz_generated.deepcopy.go:313.15,315.3 1 0
azappconfig/provider/api/v1/zz_generated.deepcopy.go:316.2,318.12 3 0
azappconfig/provider/api/v1/zz_generated.deepcopy.go:322.55,324.25 2 0
azappconfig/provider/api/v1/zz_generated.deepcopy.go:324.25,328.3 3 0
azappconfig/provider/api/v1/zz_generated.deepcopy.go:332.48,333.15 1 0
azappconfig/provider/api/v1/zz_generated.deepcopy.go:333.15,335.3 1 0
azappconfig/provider/api/v1/zz_generated.deepcopy.go:336.2,338.12 3 0
azappconfig/provider/api/v1/zz_generated.deepcopy.go:342.107,344.26 2 0
azappconfig/provider/api/v1/zz_generated.deepcopy.go:344.26,348.3 3 0
azappconfig/provider/api/v1/zz_generated.deepcopy.go:352.100,353.15 1 0
azappconfig/provider/api/v1/zz_generated.deepcopy.go:353.15,355.3 1 0
azappconfig/provider/api/v1/zz_generated.deepcopy.go:356.2,358.12 3 0
azappconfig/provider/api/v1/zz_generated.deepcopy.go:362.85,364.2 1 0
azappconfig/provider/api/v1/zz_generated.deepcopy.go:367.78,368.15 1 0
azappconfig/provider/api/v1/zz_generated.deepcopy.go:368.15,370.3 1 0
azappconfig/provider/api/v1/zz_generated.deepcopy.go:371.2,373.12 3 0
azappconfig/provider/api/v1/zz_generated.deepcopy.go:377.101,379.2 1 0
azappconfig/provider/api/v1/zz_generated.deepcopy.go:382.94,383.15 1 0
azappconfig/provider/api/v1/zz_generated.deepcopy.go:383.15,385.3 1 0
azappconfig/provider/api/v1/zz_generated.deepcopy.go:386.2,388.12 3 0
azappconfig/provider/api/v1/zz_generated.deepcopy.go:392.67,394.25 2 0
azappconfig/provider/api/v1/zz_generated.deepcopy.go:394.25,397.22 3 0
azappconfig/provider/api/v1/zz_generated.deepcopy.go:397.22,399.4 1 0
azappconfig/provider/api/v1/zz_generated.deepcopy.go:404.60,405.15 1 0
azappconfig/provider/api/v1/zz_generated.deepcopy.go:405.15,407.3 1 0
azappconfig/provider/api/v1/zz_generated.deepcopy.go:408.2,410.12 3 0
azappconfig/provider/api/v1/zz_generated.deepcopy.go:414.63,416.2 1 0
azappconfig/provider/api/v1/zz_generated.deepcopy.go:419.56,420.15 1 0
azappconfig/provider/api/v1/zz_generated.deepcopy.go:420.15,422.3 1 0
azappconfig/provider/api/v1/zz_generated.deepcopy.go:423.2,425.12 3 0
azappconfig/provider/api/v1/zz_generated.deepcopy.go:429.59,434.2 4 0
azappconfig/provider/api/v1/zz_generated.deepcopy.go:437.52,438.15 1 0
azappconfig/provider/api/v1/zz_generated.deepcopy.go:438.15,440.3 1 0
azappconfig/provider/api/v1/zz_generated.deepcopy.go:441.2,443.12 3 0
azappconfig/provider/api/v1/zz_generated.deepcopy.go:447.85,449.26 2 0
azappconfig/provider/api/v1/zz_generated.deepcopy.go:449.26,453.3 3 0
azappconfig/provider/api/v1/zz_generated.deepcopy.go:457.78,458.15 1 0
azappconfig/provider/api/v1/zz_generated.deepcopy.go:458.15,460.3 1 0
azappconfig/provider/api/v1/zz_generated.deepcopy.go:461.2,463.12 3 0
azappconfig/provider/api/v1/zz_generated.deepcopy.go:467.63,470.20 3 0
azappconfig/provider/api/v1/zz_generated.deepcopy.go:470.20,474.3 3 0
azappconfig/provider/api/v1/zz_generated.deepcopy.go:475.2,475.23 1 0
azappconfig/provider/api/v1/zz_generated.deepcopy.go:475.23,479.3 3 0
azappconfig/provider/api/v1/zz_generated.deepcopy.go:483.56,484.15 1 0
azappconfig/provider/api/v1/zz_generated.deepcopy.go:484.15,486.3 1 0
azappconfig/provider/api/v1/zz_generated.deepcopy.go:487.2,489.12 3 0
azappconfig/provider/api/v1/zz_generated.deepcopy.go:493.49,495.25 2 0
azappconfig/provider/api/v1/zz_generated.deepcopy.go:495.25,499.3 3 0
azappconfig/provider/api/v1/zz_generated.deepcopy.go:500.2,500.27 1 0
azappconfig/provider/api/v1/zz_generated.deepcopy.go:500.27,504.3 3 0
azappconfig/provider/api/v1/zz_generated.deepcopy.go:505.2,505.26 1 0
azappconfig/provider/api/v1/zz_generated.deepcopy.go:505.26,509.3 3 0
azappconfig/provider/api/v1/zz_generated.deepcopy.go:510.2,510.28 1 0
azappconfig/provider/api/v1/zz_generated.deepcopy.go:510.28,514.3 3 0
azappconfig/provider/api/v1/zz_generated.deepcopy.go:518.42,519.15 1 0
azappconfig/provider/api/v1/zz_generated.deepcopy.go:519.15,521.3 1 0
azappconfig/provider/api/v1/zz_generated.deepcopy.go:522.2,524.12 3 0
azappconfig/provider/api/v1/zz_generated.deepcopy.go:528.49,530.21 2 0
azappconfig/provider/api/v1/zz_generated.deepcopy.go:530.21,534.3 3 0
azappconfig/provider/api/v1/zz_generated.deepcopy.go:538.42,539.15 1 0
azappconfig/provider/api/v1/zz_generated.deepcopy.go:539.15,541.3 1 0
azappconfig/provider/api/v1/zz_generated.deepcopy.go:542.2,544.12 3 0
azappconfig/provider/api/v1/zz_generated.deepcopy.go:548.85,550.39 2 0
azappconfig/provider/api/v1/zz_generated.deepcopy.go:550.39,554.3 3 0
azappconfig/provider/api/v1/zz_generated.deepcopy.go:555.2,555.48 1 0
azappconfig/provider/api/v1/zz_generated.deepcopy.go:555.48,559.3 3 0
azappconfig/provider/api/v1/zz_generated.deepcopy.go:560.2,560.34 1 0
azappconfig/provider/api/v1/zz_generated.deepcopy.go:560.34,564.3 3 0
azappconfig/provider/api/v1/zz_generated.deepcopy.go:568.78,569.15 1 0
azappconfig/provider/api/v1/zz_generated.deepcopy.go:569.15,571.3 1 0
azappconfig/provider/api/v1/zz_generated.deepcopy.go:572.2,574.12 3 0
azappconfig/provider/cmd/main.go:49.13,54.2 2 0
azappconfig/provider/cmd/main.go:56.13,79.16 11 0
azappconfig/provider/cmd/main.go:79.16,82.3 2 0
azappconfig/provider/cmd/main.go:84.2,88.39 1 0
azappconfig/provider/cmd/main.go:88.39,91.3 2 0
azappconfig/provider/cmd/main.go:94.2,94.69 1 0
azappconfig/provider/cmd/main.go:94.69,97.3 2 0
azappconfig/provider/cmd/main.go:98.2,98.67 1 0
azappconfig/provider/cmd/main.go:98.67,101.3 2 0
azappconfig/provider/cmd/main.go:103.2,104.61 2 0
azappconfig/provider/cmd/main.go:104.61,107.3 2 0
azappconfig/provider/internal/jsonc/jsonc.go:9.40,14.33 4 1
azappconfig/provider/internal/jsonc/jsonc.go:14.33,17.14 2 1
azappconfig/provider/internal/jsonc/jsonc.go:17.14,21.12 3 1
azappconfig/provider/internal/jsonc/jsonc.go:24.3,24.15 1 1
azappconfig/provider/internal/jsonc/jsonc.go:24.15,26.20 2 1
azappconfig/provider/internal/jsonc/jsonc.go:26.20,28.5 1 1
azappconfig/provider/internal/jsonc/jsonc.go:28.10,28.26 1 1
azappconfig/provider/internal/jsonc/jsonc.go:28.26,30.5 1 1
azappconfig/provider/internal/jsonc/jsonc.go:31.4,31.12 1 1
azappconfig/provider/internal/jsonc/jsonc.go:35.3,35.18 1 1
azappconfig/provider/internal/jsonc/jsonc.go:35.18,38.12 3 1
azappconfig/provider/internal/jsonc/jsonc.go:41.3,41.57 1 1
azappconfig/provider/internal/jsonc/jsonc.go:41.57,44.60 2 1
azappconfig/provider/internal/jsonc/jsonc.go:44.60,46.5 1 1
azappconfig/provider/internal/jsonc/jsonc.go:49.4,49.21 1 1
azappconfig/provider/internal/jsonc/jsonc.go:49.21,51.5 1 1
azappconfig/provider/internal/jsonc/jsonc.go:52.4,52.12 1 1
azappconfig/provider/internal/jsonc/jsonc.go:56.3,56.57 1 1
azappconfig/provider/internal/jsonc/jsonc.go:56.57,62.22 3 1
azappconfig/provider/internal/jsonc/jsonc.go:62.22,63.62 1 1
azappconfig/provider/internal/jsonc/jsonc.go:63.62,67.11 3 1
azappconfig/provider/internal/jsonc/jsonc.go:70.5,70.43 1 1
azappconfig/provider/internal/jsonc/jsonc.go:70.43,72.6 1 1
azappconfig/provider/internal/jsonc/jsonc.go:72.11,75.6 1 1
azappconfig/provider/internal/jsonc/jsonc.go:76.5,76.8 1 1
azappconfig/provider/internal/jsonc/jsonc.go:79.4,80.12 2 1
azappconfig/provider/internal/jsonc/jsonc.go:84.3,84.32 1 1
azappconfig/provider/internal/jsonc/jsonc.go:87.2,87.15 1 1
azappconfig/provider/internal/controller/appconfigurationprovider_controller.go:86.130,90.45 3 0
azappconfig/provider/internal/controller/appconfigurationprovider_controller.go:90.45,93.3 2 0
azappconfig/provider/internal/controller/appconfigurationprovider_controller.go:93.8,93.23 1 0
azappconfig/provider/internal/controller/appconfigurationprovider_controller.go:93.23,96.3 2 0
azappconfig/provider/internal/controller/appconfigurationprovider_controller.go:99.2,100.15 2 0
azappconfig/provider/internal/controller/appconfigurationprovider_controller.go:100.15,103.17 3 0
azappconfig/provider/internal/controller/appconfigurationprovider_controller.go:103.17,105.18 2 0
azappconfig/provider/internal/controller/appconfigurationprovider_controller.go:105.18,107.5 1 0
azappconfig/provider/internal/controller/appconfigurationprovider_controller.go:107.10,109.10 2 0
azappconfig/provider/internal/controller/appconfigurationprovider_controller.go:112.3,112.20 1 0
azappconfig/provider/internal/controller/appconfigurationprovider_controller.go:112.20,114.4 1 0
azappconfig/provider/internal/controller/appconfigurationprovider_controller.go:118.2,118.33 1 0
azappconfig/provider/internal/controller/appconfigurationprovider_controller.go:118.33,120.3 1 0
azappconfig/provider/internal/controller/appconfigurationprovider_controller.go:122.2,122.49 1 0
azappconfig/provider/internal/controller/appconfigurationprovider_controller.go:122.49,125.3 2 0
azappconfig/provider/internal/controller/appconfigurationprovider_controller.go:127.2,131.16 4 0
azappconfig/provider/internal/controller/appconfigurationprovider_controller.go:131.16,134.3 2 0
azappconfig/provider/internal/controller/appconfigurationprovider_controller.go:136.2,138.16 3 0
azappconfig/provider/internal/controller/appconfigurationprovider_controller.go:138.16,141.3 2 0
azappconfig/provider/internal/controller/appconfigurationprovider_controller.go:143.2,143.67 1 0
azappconfig/provider/internal/controller/appconfigurationprovider_controller.go:143.67,155.3 1 0
azappconfig/provider/internal/controller/appconfigurationprovider_controller.go:157.2,158.33 2 0
azappconfig/provider/internal/controller/appconfigurationprovider_controller.go:158.33,161.87 2 0
azappconfig/provider/internal/controller/appconfigurationprovider_controller.go:161.87,162.113 1 0
azappconfig/provider/internal/controller/appconfigurationprovider_controller.go:162.113,164.5 1 0
azappconfig/provider/internal/controller/appconfigurationprovider_controller.go:167.3,167.42 1 0
azappconfig/provider/internal/controller/appconfigurationprovider_controller.go:167.42,168.48 1 0
azappconfig/provider/internal/controller/appconfigurationprovider_controller.go:168.48,169.13 1 0
azappconfig/provider/internal/controller/appconfigurationprovider_controller.go:172.4,172.103 1 0
azappconfig/provider/internal/controller/appconfigurationprovider_controller.go:172.103,174.5 1 0
azappconfig/provider/internal/controller/appconfigurationprovider_controller.go:179.2,179.34 1 0
azappconfig/provider/internal/controller/appconfigurationprovider_controller.go:179.34,181.3 1 0
azappconfig/provider/internal/controller/appconfigurationprovider_controller.go:183.2,183.33 1 0
azappconfig/provider/internal/controller/appconfigurationprovider_controller.go:183.33,185.3 1 0
azappconfig/provider/internal/controller/appconfigurationprovider_controller.go:185.8,186.95 1 0
azappconfig/provider/internal/controller/appconfigurationprovider_controller.go:186.95,187.43 1 0
azappconfig/provider/internal/controller/appconfigurationprovider_controller.go:187.43,189.5 1 0
azappconfig/provider/internal/controller/appconfigurationprovider_controller.go:193.2,194.92 1 0
azappconfig/provider/internal/controller/appconfigurationprovider_controller.go:194.92,196.17 2 0
azappconfig/provider/internal/controller/appconfigurationprovider_controller.go:196.17,199.4 2 0
azappconfig/provider/internal/controller/appconfigurationprovider_controller.go:200.3,200.87 1 0
azappconfig/provider/internal/controller/appconfigurationprovider_controller.go:204.2,206.16 3 0
azappconfig/provider/internal/controller/appconfigurationprovider_controller.go:206.16,209.3 2 0
azappconfig/provider/internal/controller/appconfigurationprovider_controller.go:210.2,211.33 2 0
azappconfig/provider/internal/controller/appconfigurationprovider_controller.go:211.33,213.3 1 0
azappconfig/provider/internal/controller/appconfigurationprovider_controller.go:213.8,215.3 1 0
azappconfig/provider/internal/controller/appconfigurationprovider_controller.go:217.2,233.88 3 0
azappconfig/provider/internal/controller/appconfigurationprovider_controller.go:233.88,235.3 1 0
azappconfig/provider/internal/controller/appconfigurationprovider_controller.go:238.2,238.56 1 0
azappconfig/provider/internal/controller/appconfigurationprovider_controller.go:238.56,240.17 2 0
azappconfig/provider/internal/controller/appconfigurationprovider_controller.go:240.17,242.4 1 0
azappconfig/provider/internal/controller/appconfigurationprovider_controller.go:246.2,246.53 1 0
azappconfig/provider/internal/controller/appconfigurationprovider_controller.go:246.53,248.55 1 0
azappconfig/provider/internal/controller/appconfigurationprovider_controller.go:248.55,249.42 1 0
azappconfig/provider/internal/controller/appconfigurationprovider_controller.go:249.42,250.13 1 0
azappconfig/provider/internal/controller/appconfigurationprovider_controller.go:253.4,253.97 1 0
azappconfig/provider/internal/controller/appconfigurationprovider_controller.go:253.97,255.5 1 0
azappconfig/provider/internal/controller/appconfigurationprovider_controller.go:258.3,259.17 2 0
azappconfig/provider/internal/controller/appconfigurationprovider_controller.go:259.17,261.4 1 0
azappconfig/provider/internal/controller/appconfigurationprovider_controller.go:265.2,265.84 1 0
azappconfig/provider/internal/controller/appconfigurationprovider_controller.go:265.84,267.17 2 0
azappconfig/provider/internal/controller/appconfigurationprovider_controller.go:267.17,269.4 1 0
azappconfig/provider/internal/controller/appconfigurationprovider_controller.go:273.2,274.27 2 0
azappconfig/provider/internal/controller/appconfigurationprovider_controller.go:280.35,283.42 2 0
azappconfig/provider/internal/controller/appconfigurationprovider_controller.go:283.42,285.3 1 0
azappconfig/provider/internal/controller/appconfigurationprovider_controller.go:285.8,285.46 1 0
azappconfig/provider/internal/controller/appconfigurationprovider_controller.go:285.46,287.3 1 0
azappconfig/provider/internal/controller/appconfigurationprovider_controller.go:287.8,290.3 1 0
azappconfig/provider/internal/controller/appconfigurationprovider_controller.go:291.2,292.16 2 0
azappconfig/provider/internal/controller/appconfigurationprovider_controller.go:292.16,293.32 1 0
azappconfig/provider/internal/controller/appconfigurationprovider_controller.go:293.32,295.4 1 0
azappconfig/provider/internal/controller/appconfigurationprovider_controller.go:296.3,296.20 1 0
azappconfig/provider/internal/controller/appconfigurationprovider_controller.go:299.2,299.73 1 0
azappconfig/provider/internal/controller/appconfigurationprovider_controller.go:307.50,316.16 3 0
azappconfig/provider/internal/controller/appconfigurationprovider_controller.go:316.16,319.3 2 0
azappconfig/provider/internal/controller/appconfigurationprovider_controller.go:321.2,321.16 1 0
azappconfig/provider/internal/controller/appconfigurationprovider_controller.go:321.16,323.3 1 0
azappconfig/provider/internal/controller/appconfigurationprovider_controller.go:325.2,325.12 1 0
azappconfig/provider/internal/controller/appconfigurationprovider_controller.go:330.13,337.46 4 0
azappconfig/provider/internal/controller/appconfigurationprovider_controller.go:337.46,340.3 1 0
azappconfig/provider/internal/controller/appconfigurationprovider_controller.go:340.8,343.49 1 0
azappconfig/provider/internal/controller/appconfigurationprovider_controller.go:343.49,346.3 1 0
azappconfig/provider/internal/controller/appconfigurationprovider_controller.go:348.2,348.24 1 0
azappconfig/provider/internal/controller/appconfigurationprovider_controller.go:348.24,351.3 2 0
azappconfig/provider/internal/controller/appconfigurationprovider_controller.go:351.8,354.3 2 0
azappconfig/provider/internal/controller/appconfigurationprovider_controller.go:359.34,362.45 3 0
azappconfig/provider/internal/controller/appconfigurationprovider_controller.go:362.45,364.3 1 0
azappconfig/provider/internal/controller/appconfigurationprovider_controller.go:365.2,366.59 2 0
azappconfig/provider/internal/controller/appconfigurationprovider_controller.go:366.59,368.17 2 0
azappconfig/provider/internal/controller/appconfigurationprovider_controller.go:368.17,371.4 2 0
azappconfig/provider/internal/controller/appconfigurationprovider_controller.go:371.9,373.4 1 0
azappconfig/provider/internal/controller/appconfigurationprovider_controller.go:375.2,375.73 1 0
azappconfig/provider/internal/controller/appconfigurationprovider_controller.go:382.69,388.119 2 0
azappconfig/provider/internal/controller/appconfigurationprovider_controller.go:388.119,393.3 3 0
azappconfig/provider/internal/controller/appconfigurationprovider_controller.go:395.2,402.105 2 0
azappconfig/provider/internal/controller/appconfigurationprovider_controller.go:402.105,405.3 2 0
azappconfig/provider/internal/controller/appconfigurationprovider_controller.go:407.2,410.42 4 0
azappconfig/provider/internal/controller/appconfigurationprovider_controller.go:410.42,412.3 1 0
azappconfig/provider/internal/controller/appconfigurationprovider_controller.go:413.2,413.97 1 0
azappconfig/provider/internal/controller/appconfigurationprovider_controller.go:413.97,419.3 4 0
azappconfig/provider/internal/controller/appconfigurationprovider_controller.go:420.2,420.16 1 0
azappconfig/provider/internal/controller/appconfigurationprovider_controller.go:420.16,423.3 2 0
azappconfig/provider/internal/controller/appconfigurationprovider_controller.go:425.2,428.32 3 0
azappconfig/provider/internal/controller/appconfigurationprovider_controller.go:435.70,436.49 1 0
azappconfig/provider/internal/controller/appconfigurationprovider_controller.go:436.49,438.3 1 0
azappconfig/provider/internal/controller/appconfigurationprovider_controller.go:440.2,440.68 1 0
azappconfig/provider/internal/controller/appconfigurationprovider_controller.go:440.68,441.74 1 0
azappconfig/provider/internal/controller/appconfigurationprovider_controller.go:441.74,445.12 3 0
azappconfig/provider/internal/controller/appconfigurationprovider_controller.go:448.3,457.103 2 0
azappconfig/provider/internal/controller/appconfigurationprovider_controller.go:457.103,460.4 2 0
azappconfig/provider/internal/controller/appconfigurationprovider_controller.go:462.3,465.95 4 0
azappconfig/provider/internal/controller/appconfigurationprovider_controller.go:465.95,471.4 4 0
azappconfig/provider/internal/controller/appconfigurationprovider_controller.go:472.3,472.17 1 0
azappconfig/provider/internal/controller/appconfigurationprovider_controller.go:472.17,475.4 2 0
azappconfig/provider/internal/controller/appconfigurationprovider_controller.go:477.3,478.115 2 0
azappconfig/provider/internal/controller/appconfigurationprovider_controller.go:481.2,481.32 1 0
azappconfig/provider/internal/controller/appconfigurationprovider_controller.go:488.89,489.36 1 0
azappconfig/provider/internal/controller/appconfigurationprovider_controller.go:489.36,490.43 1 0
azappconfig/provider/internal/controller/appconfigurationprovider_controller.go:490.43,497.18 2 0
azappconfig/provider/internal/controller/appconfigurationprovider_controller.go:497.18,500.5 2 0
azappconfig/provider/internal/controller/appconfigurationprovider_controller.go:504.2,504.32 1 0
azappconfig/provider/internal/controller/appconfigurationprovider_controller.go:511.79,519.2 1 0
azappconfig/provider/internal/controller/appconfigurationprovider_controller.go:522.92,532.2 1 0
azappconfig/provider/internal/controller/event_handler.go:24.154,28.24 4 0
azappconfig/provider/internal/controller/event_handler.go:28.24,29.35 1 0
azappconfig/provider/internal/controller/event_handler.go:29.35,30.34 1 0
azappconfig/provider/internal/controller/event_handler.go:30.34,33.10 3 0
azappconfig/provider/internal/controller/event_handler.go:40.2,40.148 1 0
azappconfig/provider/internal/controller/event_handler.go:40.148,42.3 1 0
azappconfig/provider/internal/controller/event_handler.go:44.2,49.4 1 0
azappconfig/provider/internal/controller/event_handler.go:53.154,57.24 4 0
azappconfig/provider/internal/controller/event_handler.go:57.24,58.35 1 0
azappconfig/provider/internal/controller/event_handler.go:58.35,59.34 1 0
azappconfig/provider/internal/controller/event_handler.go:59.34,62.10 3 0
azappconfig/provider/internal/controller/event_handler.go:66.2,66.22 1 0
azappconfig/provider/internal/controller/event_handler.go:66.22,68.3 1 0
azappconfig/provider/internal/controller/event_handler.go:70.2,75.4 1 0
azappconfig/provider/internal/controller/event_handler.go:79.155,81.2 0 0
azappconfig/provider/internal/controller/event_handler.go:84.157,86.2 0 0
azappconfig/provider/internal/controller/event_handler.go:92.64,94.2 1 0
azappconfig/provider/internal/controller/event_handler.go:95.64,97.2 1 0
azappconfig/provider/internal/controller/event_handler.go:98.62,101.2 1 0
azappconfig/provider/internal/controller/event_handler.go:102.64,105.2 1 0
azappconfig/provider/internal/controller/event_handler.go:110.43,112.46 1 0
azappconfig/provider/internal/controller/event_handler.go:112.46,117.4 1 0
azappconfig/provider/internal/controller/processor.go:48.155,49.122 1 0
azappconfig/provider/internal/controller/processor.go:49.122,50.63 1 0
azappconfig/provider/internal/controller/processor.go:50.63,52.4 1 0
azappconfig/provider/internal/controller/processor.go:55.2,55.79 1 0
azappconfig/provider/internal/controller/processor.go:55.79,57.3 1 0
azappconfig/provider/internal/controller/processor.go:59.2,59.76 1 0
azappconfig/provider/internal/controller/processor.go:59.76,61.3 1 0
azappconfig/provider/internal/controller/processor.go:63.2,63.81 1 0
azappconfig/provider/internal/controller/processor.go:63.81,65.3 1 0
azappconfig/provider/internal/controller/processor.go:67.2,67.12 1 0
azappconfig/provider/internal/controller/processor.go:70.87,72.16 2 0
azappconfig/provider/internal/controller/processor.go:72.16,74.3 1 0
azappconfig/provider/internal/controller/processor.go:75.2,80.43 6 0
azappconfig/provider/internal/controller/processor.go:80.43,82.3 1 0
azappconfig/provider/internal/controller/processor.go:84.2,84.12 1 0
azappconfig/provider/internal/controller/processor.go:87.122,94.45 4 0
azappconfig/provider/internal/controller/processor.go:94.45,96.3 1 0
azappconfig/provider/internal/controller/processor.go:96.8,99.3 2 0
azappconfig/provider/internal/controller/processor.go:101.2,103.31 3 0
azappconfig/provider/internal/controller/processor.go:103.31,106.3 2 0
azappconfig/provider/internal/controller/processor.go:108.2,108.91 1 0
azappconfig/provider/internal/controller/processor.go:108.91,110.3 1 0
azappconfig/provider/internal/controller/processor.go:112.2,112.163 1 0
azappconfig/provider/internal/controller/processor.go:112.163,114.3 1 0
azappconfig/provider/internal/controller/processor.go:116.2,116.56 1 0
azappconfig/provider/internal/controller/processor.go:116.56,119.3 2 0
azappconfig/provider/internal/controller/processor.go:121.2,122.16 2 0
azappconfig/provider/internal/controller/processor.go:122.16,124.3 1 0
azappconfig/provider/internal/controller/processor.go:126.2,132.12 5 0
azappconfig/provider/internal/controller/processor.go:135.119,141.47 4 0
azappconfig/provider/internal/controller/processor.go:141.47,143.3 1 0
azappconfig/provider/internal/controller/processor.go:143.8,146.3 2 0
azappconfig/provider/internal/controller/processor.go:148.2,150.31 3 0
azappconfig/provider/internal/controller/processor.go:150.31,153.3 2 0
azappconfig/provider/internal/controller/processor.go:155.2,155.88 1 0
azappconfig/provider/internal/controller/processor.go:155.88,157.3 1 0
azappconfig/provider/internal/controller/processor.go:159.2,159.59 1 0
azappconfig/provider/internal/controller/processor.go:159.59,160.229 1 0
azappconfig/provider/internal/controller/processor.go:160.229,162.4 1 0
azappconfig/provider/internal/controller/processor.go:163.8,164.161 1 0
azappconfig/provider/internal/controller/processor.go:164.161,166.4 1 0
azappconfig/provider/internal/controller/processor.go:169.2,169.101 1 0
azappconfig/provider/internal/controller/processor.go:169.101,172.3 2 0
azappconfig/provider/internal/controller/processor.go:175.2,176.49 2 0
azappconfig/provider/internal/controller/processor.go:176.49,178.3 1 0
azappconfig/provider/internal/controller/processor.go:180.2,181.16 2 0
azappconfig/provider/internal/controller/processor.go:181.16,183.3 1 0
azappconfig/provider/internal/controller/processor.go:185.2,187.55 3 0
azappconfig/provider/internal/controller/processor.go:187.55,190.3 1 0
azappconfig/provider/internal/controller/processor.go:191.2,191.43 1 0
azappconfig/provider/internal/controller/processor.go:191.43,193.3 1 0
azappconfig/provider/internal/controller/processor.go:195.2,197.12 2 0
azappconfig/provider/internal/controller/processor.go:200.131,206.40 3 0
azappconfig/provider/internal/controller/processor.go:206.40,208.3 1 0
azappconfig/provider/internal/controller/processor.go:210.2,210.61 1 0
azappconfig/provider/internal/controller/processor.go:210.61,213.3 2 0
azappconfig/provider/internal/controller/processor.go:215.2,215.95 1 0
azappconfig/provider/internal/controller/processor.go:215.95,217.3 1 0
azappconfig/provider/internal/controller/processor.go:219.2,223.53 4 0
azappconfig/provider/internal/controller/processor.go:223.53,226.3 2 0
azappconfig/provider/internal/controller/processor.go:229.2,230.71 2 0
azappconfig/provider/internal/controller/processor.go:230.71,231.70 1 0
azappconfig/provider/internal/controller/processor.go:231.70,232.42 1 0
azappconfig/provider/internal/controller/processor.go:232.42,233.51 1 0
azappconfig/provider/internal/controller/processor.go:233.51,238.6 1 0
azappconfig/provider/internal/controller/processor.go:239.5,239.86 1 0
azappconfig/provider/internal/controller/processor.go:244.2,245.16 2 0
azappconfig/provider/internal/controller/processor.go:245.16,247.3 1 0
azappconfig/provider/internal/controller/processor.go:249.2,250.43 2 0
azappconfig/provider/internal/controller/processor.go:250.43,252.3 1 0
azappconfig/provider/internal/controller/processor.go:254.2,254.73 1 0
azappconfig/provider/internal/controller/processor.go:254.73,256.9 2 0
azappconfig/provider/internal/controller/processor.go:256.9,258.4 1 0
azappconfig/provider/internal/controller/processor.go:261.2,268.12 5 0
azappconfig/provider/internal/controller/processor.go:273.49,275.79 1 0
azappconfig/provider/internal/controller/processor.go:275.79,278.3 1 0
azappconfig/provider/internal/controller/processor.go:280.2,280.98 1 0
azappconfig/provider/internal/controller/processor.go:280.98,282.3 1 0
azappconfig/provider/internal/controller/processor.go:284.2,285.96 1 0
azappconfig/provider/internal/controller/processor.go:285.96,288.3 1 0
azappconfig/provider/internal/controller/processor.go:290.2,290.43 1 0
azappconfig/provider/internal/controller/processor.go:290.43,292.3 1 0
azappconfig/provider/internal/controller/processor.go:294.2,295.81 1 0
azappconfig/provider/internal/controller/processor.go:295.81,297.3 1 0
azappconfig/provider/internal/controller/processor.go:299.2,299.44 1 0
azappconfig/provider/internal/controller/processor.go:299.44,301.107 1 0
azappconfig/provider/internal/controller/processor.go:301.107,303.4 1 0
azappconfig/provider/internal/controller/processor.go:306.2,306.14 1 0
azappconfig/provider/internal/controller/processor.go:309.83,313.53 3 0
azappconfig/provider/internal/controller/processor.go:313.53,315.3 1 0
azappconfig/provider/internal/controller/processor.go:317.2,317.58 1 0
azappconfig/provider/internal/controller/processor.go:317.58,319.3 1 0
azappconfig/provider/internal/controller/processor.go:321.2,321.61 1 0
azappconfig/provider/internal/controller/processor.go:321.61,323.3 1 0
azappconfig/provider/internal/controller/processor.go:325.2,325.31 1 0
azappconfig/provider/internal/controller/processor.go:325.31,327.3 1 0
azappconfig/provider/internal/controller/processor.go:329.2,331.55 1 0
azappconfig/provider/internal/controller/processor.go:331.55,335.3 2 0
azappconfig/provider/internal/controller/processor.go:335.8,337.47 1 0
azappconfig/provider/internal/controller/processor.go:337.47,340.4 2 0
azappconfig/provider/internal/controller/processor.go:341.3,341.56 1 0
azappconfig/provider/internal/controller/processor.go:341.56,344.4 2 0
azappconfig/provider/internal/controller/processor.go:346.3,346.60 1 0
azappconfig/provider/internal/controller/processor.go:346.60,348.4 1 0
azappconfig/provider/internal/controller/processor.go:350.3,350.56 1 0
azappconfig/provider/internal/controller/processor.go:350.56,352.4 1 0
azappconfig/provider/internal/controller/processor.go:354.3,357.82 3 0
azappconfig/provider/internal/controller/processor.go:361.42,374.2 1 0
azappconfig/provider/internal/controller/processor.go:376.99,382.43 4 0
azappconfig/provider/internal/controller/processor.go:382.43,383.84 1 0
azappconfig/provider/internal/controller/processor.go:383.84,385.4 1 0
azappconfig/provider/internal/controller/processor.go:388.2,390.40 2 0
azappconfig/provider/internal/controller/processor.go:390.40,392.3 1 0
azappconfig/provider/internal/controller/processor.go:394.2,394.29 1 0
azappconfig/provider/internal/controller/processor.go:397.79,398.48 1 0
azappconfig/provider/internal/controller/processor.go:398.48,400.3 1 0
azappconfig/provider/internal/controller/processor.go:402.2,402.41 1 0
azappconfig/provider/internal/controller/processor.go:402.41,403.68 1 0
azappconfig/provider/internal/controller/processor.go:403.68,405.4 1 0
azappconfig/provider/internal/controller/processor.go:408.2,408.14 1 0
azappconfig/provider/internal/controller/utils.go:31.71,33.67 2 1
azappconfig/provider/internal/controller/utils.go:33.67,35.3 1 1
azappconfig/provider/internal/controller/utils.go:36.2,36.43 1 1
azappconfig/provider/internal/controller/utils.go:36.43,37.27 1 1
azappconfig/provider/internal/controller/utils.go:37.27,39.4 1 1
azappconfig/provider/internal/controller/utils.go:40.3,40.23 1 1
azappconfig/provider/internal/controller/utils.go:40.23,42.4 1 0
azappconfig/provider/internal/controller/utils.go:45.2,45.38 1 1
azappconfig/provider/internal/controller/utils.go:45.38,47.17 2 1
azappconfig/provider/internal/controller/utils.go:47.17,49.4 1 1
azappconfig/provider/internal/controller/utils.go:52.2,52.46 1 1
azappconfig/provider/internal/controller/utils.go:52.46,54.17 2 1
azappconfig/provider/internal/controller/utils.go:54.17,56.4 1 1
azappconfig/provider/internal/controller/utils.go:59.2,59.29 1 1
azappconfig/provider/internal/controller/utils.go:59.29,60.144 1 1
azappconfig/provider/internal/controller/utils.go:60.144,62.4 1 1
azappconfig/provider/internal/controller/utils.go:64.3,64.43 1 1
azappconfig/provider/internal/controller/utils.go:64.43,66.4 1 1
azappconfig/provider/internal/controller/utils.go:69.3,69.45 1 1
azappconfig/provider/internal/controller/utils.go:69.45,71.18 2 1
azappconfig/provider/internal/controller/utils.go:71.18,73.5 1 0
azappconfig/provider/internal/controller/utils.go:77.3,77.38 1 1
azappconfig/provider/internal/controller/utils.go:77.38,79.18 2 1
azappconfig/provider/internal/controller/utils.go:79.18,81.5 1 1
azappconfig/provider/internal/controller/utils.go:85.2,85.26 1 1
azappconfig/provider/internal/controller/utils.go:85.26,87.17 2 1
azappconfig/provider/internal/controller/utils.go:87.17,89.4 1 0
azappconfig/provider/internal/controller/utils.go:91.2,92.16 2 1
azappconfig/provider/internal/controller/utils.go:92.16,94.3 1 0
azappconfig/provider/internal/controller/utils.go:96.2,96.24 1 1
azappconfig/provider/internal/controller/utils.go:96.24,97.30 1 1
azappconfig/provider/internal/controller/utils.go:97.30,99.18 2 0
azappconfig/provider/internal/controller/utils.go:99.18,101.5 1 0
azappconfig/provider/internal/controller/utils.go:102.4,102.49 1 0
azappconfig/provider/internal/controller/utils.go:102.49,104.19 2 0
azappconfig/provider/internal/controller/utils.go:104.19,106.6 1 0
azappconfig/provider/internal/controller/utils.go:107.5,107.51 1 0
azappconfig/provider/internal/controller/utils.go:107.51,109.6 1 0
azappconfig/provider/internal/controller/utils.go:110.5,111.19 2 0
azappconfig/provider/internal/controller/utils.go:111.19,113.6 1 0
azappconfig/provider/internal/controller/utils.go:117.3,117.33 1 1
azappconfig/provider/internal/controller/utils.go:117.33,119.18 2 1
azappconfig/provider/internal/controller/utils.go:119.18,121.5 1 1
azappconfig/provider/internal/controller/utils.go:124.3,124.43 1 0
azappconfig/provider/internal/controller/utils.go:124.43,126.18 2 0
azappconfig/provider/internal/controller/utils.go:126.18,128.5 1 0
azappconfig/provider/internal/controller/utils.go:132.2,132.39 1 1
azappconfig/provider/internal/controller/utils.go:132.39,133.51 1 1
azappconfig/provider/internal/controller/utils.go:133.51,135.77 2 1
azappconfig/provider/internal/controller/utils.go:135.77,136.43 1 1
azappconfig/provider/internal/controller/utils.go:136.43,138.6 1 1
azappconfig/provider/internal/controller/utils.go:139.5,139.33 1 1
azappconfig/provider/internal/controller/utils.go:143.3,143.48 1 1
azappconfig/provider/internal/controller/utils.go:143.48,145.18 2 1
azappconfig/provider/internal/controller/utils.go:145.18,147.5 1 1
azappconfig/provider/internal/controller/utils.go:151.2,151.12 1 1
azappconfig/provider/internal/controller/utils.go:155.44,157.16 2 1
azappconfig/provider/internal/controller/utils.go:157.16,159.3 1 0
azappconfig/provider/internal/controller/utils.go:160.2,160.20 1 1
azappconfig/provider/internal/controller/utils.go:160.20,162.3 1 0
azappconfig/provider/internal/controller/utils.go:163.2,163.27 1 1
azappconfig/provider/internal/controller/utils.go:163.27,165.3 1 0
azappconfig/provider/internal/controller/utils.go:166.2,166.39 1 1
azappconfig/provider/internal/controller/utils.go:166.39,168.3 1 0
azappconfig/provider/internal/controller/utils.go:170.2,170.12 1 1
azappconfig/provider/internal/controller/utils.go:173.76,174.17 1 1
azappconfig/provider/internal/controller/utils.go:174.17,177.44 2 1
azappconfig/provider/internal/controller/utils.go:177.44,179.4 1 1
azappconfig/provider/internal/controller/utils.go:180.3,180.42 1 1
azappconfig/provider/internal/controller/utils.go:180.42,183.18 3 1
azappconfig/provider/internal/controller/utils.go:183.18,185.5 1 1
azappconfig/provider/internal/controller/utils.go:187.3,187.35 1 1
azappconfig/provider/internal/controller/utils.go:187.35,190.18 3 1
azappconfig/provider/internal/controller/utils.go:190.18,192.5 1 1
azappconfig/provider/internal/controller/utils.go:194.3,194.20 1 1
azappconfig/provider/internal/controller/utils.go:194.20,196.4 1 1
azappconfig/provider/internal/controller/utils.go:199.2,199.12 1 1
azappconfig/provider/internal/controller/utils.go:202.109,204.39 2 1
azappconfig/provider/internal/controller/utils.go:204.39,206.3 1 1
azappconfig/provider/internal/controller/utils.go:209.2,209.58 1 1
azappconfig/provider/internal/controller/utils.go:209.58,210.36 1 1
azappconfig/provider/internal/controller/utils.go:210.36,212.4 1 1
azappconfig/provider/internal/controller/utils.go:215.2,215.125 1 1
azappconfig/provider/internal/controller/utils.go:218.51,221.17 3 1
azappconfig/provider/internal/controller/utils.go:221.17,222.23 1 1
azappconfig/provider/internal/controller/utils.go:222.23,224.4 1 1
azappconfig/provider/internal/controller/utils.go:224.9,224.48 1 1
azappconfig/provider/internal/controller/utils.go:224.48,226.4 1 1
azappconfig/provider/internal/controller/utils.go:226.9,228.4 1 1
azappconfig/provider/internal/controller/utils.go:231.2,231.14 1 1
azappconfig/provider/internal/controller/utils.go:234.120,236.16 2 1
azappconfig/provider/internal/controller/utils.go:236.16,237.54 1 1
azappconfig/provider/internal/controller/utils.go:237.54,239.4 1 1
azappconfig/provider/internal/controller/utils.go:240.8,242.3 1 0
azappconfig/provider/internal/controller/utils.go:244.2,244.12 1 0
azappconfig/provider/internal/controller/utils.go:247.97,248.68 1 1
azappconfig/provider/internal/controller/utils.go:248.68,250.3 1 0
azappconfig/provider/internal/controller/utils.go:252.2,254.53 2 1
azappconfig/provider/internal/controller/utils.go:254.53,255.89 1 1
azappconfig/provider/internal/controller/utils.go:255.89,257.4 1 0
azappconfig/provider/internal/controller/utils.go:258.3,258.14 1 1
azappconfig/provider/internal/controller/utils.go:261.2,261.62 1 1
azappconfig/provider/internal/controller/utils.go:261.62,262.89 1 1
azappconfig/provider/internal/controller/utils.go:262.89,264.4 1 0
azappconfig/provider/internal/controller/utils.go:265.3,265.14 1 1
azappconfig/provider/internal/controller/utils.go:268.2,268.48 1 1
azappconfig/provider/internal/controller/utils.go:268.48,270.3 1 1
azappconfig/provider/internal/controller/utils.go:272.2,272.20 1 1
azappconfig/provider/internal/controller/utils.go:272.20,274.3 1 1
azappconfig/provider/internal/controller/utils.go:276.2,276.19 1 1
azappconfig/provider/internal/controller/utils.go:276.19,278.3 1 1
azappconfig/provider/internal/controller/utils.go:280.2,280.53 1 1
azappconfig/provider/internal/controller/utils.go:280.53,282.17 2 1
azappconfig/provider/internal/controller/utils.go:282.17,284.4 1 1
azappconfig/provider/internal/controller/utils.go:287.2,287.12 1 1
azappconfig/provider/internal/controller/utils.go:290.58,291.63 1 1
azappconfig/provider/internal/controller/utils.go:291.63,293.3 1 1
azappconfig/provider/internal/controller/utils.go:295.2,295.34 1 1
azappconfig/provider/internal/controller/utils.go:295.34,296.32 1 1
azappconfig/provider/internal/controller/utils.go:296.32,298.4 1 1
azappconfig/provider/internal/controller/utils.go:299.3,299.34 1 1
azappconfig/provider/internal/controller/utils.go:299.34,301.4 1 1
azappconfig/provider/internal/controller/utils.go:302.3,302.65 1 0
azappconfig/provider/internal/controller/utils.go:302.65,304.4 1 0
azappconfig/provider/internal/controller/utils.go:307.2,307.85 1 1
azappconfig/provider/internal/controller/utils.go:307.85,309.3 1 1
azappconfig/provider/internal/controller/utils.go:311.2,311.12 1 1
azappconfig/provider/internal/controller/utils.go:314.75,315.39 1 1
azappconfig/provider/internal/controller/utils.go:315.39,316.28 1 1
azappconfig/provider/internal/controller/utils.go:316.28,318.4 1 1
azappconfig/provider/internal/controller/utils.go:319.8,320.28 1 1
azappconfig/provider/internal/controller/utils.go:320.28,322.4 1 1
azappconfig/provider/internal/controller/utils.go:325.2,327.42 1 1
azappconfig/provider/internal/controller/utils.go:327.42,329.3 1 1
azappconfig/provider/internal/controller/utils.go:331.2,331.12 1 1
azappconfig/provider/internal/controller/utils.go:334.148,336.50 1 1
azappconfig/provider/internal/controller/utils.go:336.50,338.3 1 1
azappconfig/provider/internal/controller/utils.go:340.2,345.40 2 1
azappconfig/provider/internal/controller/utils.go:345.40,347.3 1 1
azappconfig/provider/internal/controller/utils.go:349.2,350.36 2 1
azappconfig/provider/internal/controller/utils.go:350.36,355.3 3 1
azappconfig/provider/internal/controller/utils.go:357.2,357.36 1 1
azappconfig/provider/internal/controller/utils.go:357.36,362.3 3 1
azappconfig/provider/internal/controller/utils.go:364.2,364.14 1 0
azappconfig/provider/internal/controller/utils.go:367.153,368.63 1 1
azappconfig/provider/internal/controller/utils.go:368.63,370.3 1 1
azappconfig/provider/internal/controller/utils.go:372.2,372.101 1 1
azappconfig/provider/internal/controller/utils.go:372.101,374.3 1 1
azappconfig/provider/internal/controller/utils.go:377.2,377.59 1 1
azappconfig/provider/internal/controller/utils.go:377.59,379.3 1 1
azappconfig/provider/internal/controller/utils.go:381.2,382.36 2 1
azappconfig/provider/internal/controller/utils.go:382.36,387.3 3 1
azappconfig/provider/internal/controller/utils.go:389.2,389.36 1 1
azappconfig/provider/internal/controller/utils.go:389.36,394.3 3 1
azappconfig/provider/internal/controller/utils.go:396.2,396.14 1 0
azappconfig/provider/internal/loader/mocks/mock_configuration_settings_retriever.go:29.105,33.2 3 0
azappconfig/provider/internal/loader/mocks/mock_configuration_settings_retriever.go:36.103,38.2 1 0
azappconfig/provider/internal/loader/mocks/mock_configuration_settings_retriever.go:41.212,48.2 6 0
azappconfig/provider/internal/loader/mocks/mock_configuration_settings_retriever.go:51.127,54.2 2 0
azappconfig/provider/internal/loader/mocks/mock_configuration_settings_retriever.go:57.144,63.2 5 0
azappconfig/provider/internal/loader/mocks/mock_configuration_settings_retriever.go:66.111,69.2 2 0
azappconfig/provider/internal/loader/mocks/mock_configuration_settings_retriever.go:72.166,78.2 5 0
azappconfig/provider/internal/loader/mocks/mock_configuration_settings_retriever.go:81.117,84.2 2 0
azappconfig/provider/internal/loader/mocks/mock_configuration_settings_retriever.go:87.160,93.2 5 0
azappconfig/provider/internal/loader/mocks/mock_configuration_settings_retriever.go:96.123,99.2 2 0
azappconfig/provider/internal/loader/mocks/mock_configuration_settings_retriever.go:102.194,108.2 5 0
azappconfig/provider/internal/loader/mocks/mock_configuration_settings_retriever.go:111.126,114.2 2 0
azappconfig/provider/internal/loader/mocks/mock_configuration_settings_retriever.go:117.218,123.2 5 0
azappconfig/provider/internal/loader/mocks/mock_configuration_settings_retriever.go:126.126,129.2 2 0
azappconfig/provider/internal/loader/configuration_client_manager.go:95.126,104.52 4 0
azappconfig/provider/internal/loader/configuration_client_manager.go:104.52,106.17 2 0
azappconfig/provider/internal/loader/configuration_client_manager.go:106.17,108.4 1 0
azappconfig/provider/internal/loader/configuration_client_manager.go:109.3,109.99 1 0
azappconfig/provider/internal/loader/configuration_client_manager.go:109.99,111.4 1 0
azappconfig/provider/internal/loader/configuration_client_manager.go:112.3,112.77 1 0
azappconfig/provider/internal/loader/configuration_client_manager.go:112.77,114.4 1 0
azappconfig/provider/internal/loader/configuration_client_manager.go:115.3,115.95 1 0
azappconfig/provider/internal/loader/configuration_client_manager.go:115.95,117.4 1 0
azappconfig/provider/internal/loader/configuration_client_manager.go:118.3,118.87 1 0
azappconfig/provider/internal/loader/configuration_client_manager.go:118.87,120.4 1 0
azappconfig/provider/internal/loader/configuration_client_manager.go:121.3,121.126 1 0
azappconfig/provider/internal/loader/configuration_client_manager.go:121.126,123.4 1 0
azappconfig/provider/internal/loader/configuration_client_manager.go:124.8,125.111 1 0
azappconfig/provider/internal/loader/configuration_client_manager.go:125.111,127.4 1 0
azappconfig/provider/internal/loader/configuration_client_manager.go:128.3,128.133 1 0
azappconfig/provider/internal/loader/configuration_client_manager.go:128.133,130.4 1 0
azappconfig/provider/internal/loader/configuration_client_manager.go:131.3,131.45 1 0
azappconfig/provider/internal/loader/configuration_client_manager.go:134.2,142.21 3 0
azappconfig/provider/internal/loader/configuration_client_manager.go:145.115,148.61 3 0
azappconfig/provider/internal/loader/configuration_client_manager.go:148.61,149.59 1 0
azappconfig/provider/internal/loader/configuration_client_manager.go:149.59,151.4 1 0
azappconfig/provider/internal/loader/configuration_client_manager.go:154.2,154.38 1 0
azappconfig/provider/internal/loader/configuration_client_manager.go:154.38,156.3 1 0
azappconfig/provider/internal/loader/configuration_client_manager.go:158.2,160.104 1 0
azappconfig/provider/internal/loader/configuration_client_manager.go:160.104,164.3 3 0
azappconfig/provider/internal/loader/configuration_client_manager.go:166.2,166.62 1 0
azappconfig/provider/internal/loader/configuration_client_manager.go:166.62,167.59 1 0
azappconfig/provider/internal/loader/configuration_client_manager.go:167.59,169.4 1 0
azappconfig/provider/internal/loader/configuration_client_manager.go:172.2,172.21 1 0
azappconfig/provider/internal/loader/configuration_client_manager.go:175.80,178.95 2 0
azappconfig/provider/internal/loader/configuration_client_manager.go:178.95,182.3 3 0
azappconfig/provider/internal/loader/configuration_client_manager.go:185.102,191.12 5 0
azappconfig/provider/internal/loader/configuration_client_manager.go:191.12,193.17 2 0
azappconfig/provider/internal/loader/configuration_client_manager.go:193.17,195.4 1 0
azappconfig/provider/internal/loader/configuration_client_manager.go:195.9,197.4 1 0
azappconfig/provider/internal/loader/configuration_client_manager.go:198.3,199.17 2 0
azappconfig/provider/internal/loader/configuration_client_manager.go:202.2,202.9 1 0
azappconfig/provider/internal/loader/configuration_client_manager.go:203.23,205.8 2 0
azappconfig/provider/internal/loader/configuration_client_manager.go:206.24,208.8 2 0
azappconfig/provider/internal/loader/configuration_client_manager.go:209.38,211.33 1 0
azappconfig/provider/internal/loader/configuration_client_manager.go:211.33,214.4 2 0
azappconfig/provider/internal/loader/configuration_client_manager.go:216.3,217.39 2 0
azappconfig/provider/internal/loader/configuration_client_manager.go:217.39,218.50 1 0
azappconfig/provider/internal/loader/configuration_client_manager.go:218.50,220.60 2 0
azappconfig/provider/internal/loader/configuration_client_manager.go:220.60,221.14 1 0
azappconfig/provider/internal/loader/configuration_client_manager.go:223.5,224.19 2 0
azappconfig/provider/internal/loader/configuration_client_manager.go:224.19,227.6 2 0
azappconfig/provider/internal/loader/configuration_client_manager.go:228.5,233.7 1 0
azappconfig/provider/internal/loader/configuration_client_manager.go:237.3,239.8 3 0
azappconfig/provider/internal/loader/configuration_client_manager.go:243.77,247.16 3 0
azappconfig/provider/internal/loader/configuration_client_manager.go:247.16,249.65 1 0
azappconfig/provider/internal/loader/configuration_client_manager.go:249.65,251.4 1 0
azappconfig/provider/internal/loader/configuration_client_manager.go:251.9,253.4 1 0
azappconfig/provider/internal/loader/configuration_client_manager.go:256.2,256.29 1 0
azappconfig/provider/internal/loader/configuration_client_manager.go:256.29,258.3 1 0
azappconfig/provider/internal/loader/configuration_client_manager.go:260.2,263.6 4 0
azappconfig/provider/internal/loader/configuration_client_manager.go:263.6,266.17 3 0
azappconfig/provider/internal/loader/configuration_client_manager.go:266.17,268.66 1 0
azappconfig/provider/internal/loader/configuration_client_manager.go:268.66,269.10 1 0
azappconfig/provider/internal/loader/configuration_client_manager.go:270.10,272.5 1 0
azappconfig/provider/internal/loader/configuration_client_manager.go:275.3,275.37 1 0
azappconfig/provider/internal/loader/configuration_client_manager.go:275.37,277.21 2 0
azappconfig/provider/internal/loader/configuration_client_manager.go:277.21,279.5 1 0
azappconfig/provider/internal/loader/configuration_client_manager.go:281.3,281.20 1 0
azappconfig/provider/internal/loader/configuration_client_manager.go:284.2,284.21 1 0
azappconfig/provider/internal/loader/configuration_client_manager.go:287.113,288.31 1 0
azappconfig/provider/internal/loader/configuration_client_manager.go:288.31,290.3 1 0
azappconfig/provider/internal/loader/configuration_client_manager.go:292.2,293.25 2 0
azappconfig/provider/internal/loader/configuration_client_manager.go:293.25,295.3 1 0
azappconfig/provider/internal/loader/configuration_client_manager.go:297.2,297.93 1 0
azappconfig/provider/internal/loader/configuration_client_manager.go:300.60,301.23 1 1
azappconfig/provider/internal/loader/configuration_client_manager.go:301.23,303.3 1 1
azappconfig/provider/internal/loader/configuration_client_manager.go:305.2,305.79 1 1
azappconfig/provider/internal/loader/configuration_client_manager.go:308.45,311.44 3 1
azappconfig/provider/internal/loader/configuration_client_manager.go:311.44,313.18 2 1
azappconfig/provider/internal/loader/configuration_client_manager.go:313.18,315.4 1 1
azappconfig/provider/internal/loader/configuration_client_manager.go:318.2,318.11 1 1
azappconfig/provider/internal/loader/configuration_client_manager.go:321.78,322.30 1 0
azappconfig/provider/internal/loader/configuration_client_manager.go:322.30,324.3 1 0
azappconfig/provider/internal/loader/configuration_client_manager.go:326.2,329.25 1 0
azappconfig/provider/internal/loader/configuration_client_manager.go:332.83,333.28 1 0
azappconfig/provider/internal/loader/configuration_client_manager.go:333.28,335.3 1 0
azappconfig/provider/internal/loader/configuration_client_manager.go:337.2,339.20 3 0
azappconfig/provider/internal/loader/configuration_client_manager.go:339.20,341.3 1 0
azappconfig/provider/internal/loader/configuration_client_manager.go:343.2,344.18 2 0
azappconfig/provider/internal/loader/configuration_client_manager.go:344.18,346.3 1 0
azappconfig/provider/internal/loader/configuration_client_manager.go:346.8,348.3 1 0
azappconfig/provider/internal/loader/configuration_client_manager.go:350.2,350.69 1 0
azappconfig/provider/internal/loader/configuration_client_manager.go:353.64,355.16 2 0
azappconfig/provider/internal/loader/configuration_client_manager.go:355.16,357.3 1 0
azappconfig/provider/internal/loader/configuration_client_manager.go:358.2,358.20 1 0
azappconfig/provider/internal/loader/configuration_client_manager.go:358.20,360.3 1 0
azappconfig/provider/internal/loader/configuration_client_manager.go:361.2,361.27 1 0
azappconfig/provider/internal/loader/configuration_client_manager.go:361.27,363.3 1 0
azappconfig/provider/internal/loader/configuration_client_manager.go:364.2,364.39 1 0
azappconfig/provider/internal/loader/configuration_client_manager.go:364.39,366.3 1 0
azappconfig/provider/internal/loader/configuration_client_manager.go:368.2,368.12 1 0
azappconfig/provider/internal/loader/configuration_client_manager.go:371.149,373.20 1 1
azappconfig/provider/internal/loader/configuration_client_manager.go:373.20,374.38 1 1
azappconfig/provider/internal/loader/configuration_client_manager.go:374.38,375.58 1 0
azappconfig/provider/internal/loader/configuration_client_manager.go:375.58,377.5 1 0
azappconfig/provider/internal/loader/configuration_client_manager.go:379.4,380.18 2 0
azappconfig/provider/internal/loader/configuration_client_manager.go:380.18,382.5 1 0
azappconfig/provider/internal/loader/configuration_client_manager.go:384.4,386.6 1 0
azappconfig/provider/internal/loader/configuration_client_manager.go:388.3,388.47 1 1
azappconfig/provider/internal/loader/configuration_client_manager.go:388.47,390.18 2 0
azappconfig/provider/internal/loader/configuration_client_manager.go:390.18,392.5 1 0
azappconfig/provider/internal/loader/configuration_client_manager.go:394.4,394.116 1 0
azappconfig/provider/internal/loader/configuration_client_manager.go:396.3,396.45 1 1
azappconfig/provider/internal/loader/configuration_client_manager.go:396.45,400.4 1 1
azappconfig/provider/internal/loader/configuration_client_manager.go:401.8,403.3 1 1
azappconfig/provider/internal/loader/configuration_client_manager.go:405.2,405.17 1 0
azappconfig/provider/internal/loader/configuration_client_manager.go:408.145,409.66 1 0
azappconfig/provider/internal/loader/configuration_client_manager.go:409.66,411.3 1 0
azappconfig/provider/internal/loader/configuration_client_manager.go:411.8,413.17 2 0
azappconfig/provider/internal/loader/configuration_client_manager.go:413.17,415.4 1 0
azappconfig/provider/internal/loader/configuration_client_manager.go:417.3,417.94 1 0
azappconfig/provider/internal/loader/configuration_client_manager.go:417.94,419.4 1 0
azappconfig/provider/internal/loader/configuration_client_manager.go:421.3,422.63 2 0
azappconfig/provider/internal/loader/configuration_client_manager.go:422.63,424.4 1 0
azappconfig/provider/internal/loader/configuration_client_manager.go:426.3,426.38 1 0
azappconfig/provider/internal/loader/configuration_client_manager.go:430.115,432.16 2 0
azappconfig/provider/internal/loader/configuration_client_manager.go:432.16,434.3 1 0
azappconfig/provider/internal/loader/configuration_client_manager.go:436.2,436.70 1 0
azappconfig/provider/internal/loader/configuration_client_manager.go:436.70,438.3 1 0
azappconfig/provider/internal/loader/configuration_client_manager.go:440.2,440.72 1 0
azappconfig/provider/internal/loader/configuration_client_manager.go:443.165,445.16 2 0
azappconfig/provider/internal/loader/configuration_client_manager.go:445.16,447.3 1 0
azappconfig/provider/internal/loader/configuration_client_manager.go:449.2,453.8 1 0
azappconfig/provider/internal/loader/configuration_client_manager.go:456.65,457.25 1 1
azappconfig/provider/internal/loader/configuration_client_manager.go:457.25,459.3 1 1
azappconfig/provider/internal/loader/configuration_client_manager.go:461.2,462.104 2 0
azappconfig/provider/internal/loader/configuration_client_manager.go:462.104,464.3 1 0
azappconfig/provider/internal/loader/configuration_client_manager.go:466.2,467.35 2 0
azappconfig/provider/internal/loader/configuration_client_manager.go:470.51,479.2 3 0
azappconfig/provider/internal/loader/configuration_client_manager.go:481.147,483.16 2 0
azappconfig/provider/internal/loader/configuration_client_manager.go:483.16,485.3 1 0
azappconfig/provider/internal/loader/configuration_client_manager.go:487.2,488.16 2 0
azappconfig/provider/internal/loader/configuration_client_manager.go:488.16,490.3 1 0
azappconfig/provider/internal/loader/configuration_client_manager.go:492.2,494.16 3 0
azappconfig/provider/internal/loader/configuration_client_manager.go:494.16,496.3 1 0
azappconfig/provider/internal/loader/configuration_client_manager.go:498.2,498.69 1 0
azappconfig/provider/internal/loader/configuration_client_manager.go:498.69,500.3 1 0
azappconfig/provider/internal/loader/configuration_client_manager.go:502.2,504.68 2 0
azappconfig/provider/internal/loader/configuration_client_manager.go:504.68,506.3 1 0
azappconfig/provider/internal/loader/configuration_client_manager.go:506.8,506.70 1 0
azappconfig/provider/internal/loader/configuration_client_manager.go:506.70,508.3 1 0
azappconfig/provider/internal/loader/configuration_client_manager.go:508.8,510.3 1 0
azappconfig/provider/internal/loader/configuration_client_manager.go:512.2,515.16 3 0
azappconfig/provider/internal/loader/configuration_client_manager.go:515.16,517.3 1 0
azappconfig/provider/internal/loader/configuration_client_manager.go:519.2,519.39 1 0
azappconfig/provider/internal/loader/configuration_client_manager.go:522.127,525.51 2 0
azappconfig/provider/internal/loader/configuration_client_manager.go:525.51,527.17 2 0
azappconfig/provider/internal/loader/configuration_client_manager.go:527.17,529.4 1 0
azappconfig/provider/internal/loader/configuration_client_manager.go:531.3,532.17 2 0
azappconfig/provider/internal/loader/configuration_client_manager.go:532.17,534.4 1 0
azappconfig/provider/internal/loader/configuration_client_manager.go:536.3,541.17 2 0
azappconfig/provider/internal/loader/configuration_client_manager.go:541.17,543.4 1 0
azappconfig/provider/internal/loader/configuration_client_manager.go:545.3,545.33 1 0
azappconfig/provider/internal/loader/configuration_setting_loader.go:106.179,113.2 1 1
azappconfig/provider/internal/loader/configuration_setting_loader.go:115.163,117.16 2 1
azappconfig/provider/internal/loader/configuration_setting_loader.go:117.16,119.3 1 1
azappconfig/provider/internal/loader/configuration_setting_loader.go:121.2,124.52 2 1
azappconfig/provider/internal/loader/configuration_setting_loader.go:124.52,127.38 3 0
azappconfig/provider/internal/loader/configuration_setting_loader.go:127.38,129.4 1 0
azappconfig/provider/internal/loader/configuration_setting_loader.go:130.3,130.130 1 0
azappconfig/provider/internal/loader/configuration_setting_loader.go:130.130,132.4 1 0
azappconfig/provider/internal/loader/configuration_setting_loader.go:135.2,135.33 1 1
azappconfig/provider/internal/loader/configuration_setting_loader.go:135.33,136.119 1 1
azappconfig/provider/internal/loader/configuration_setting_loader.go:136.119,138.4 1 0
azappconfig/provider/internal/loader/configuration_setting_loader.go:141.2,142.16 2 1
azappconfig/provider/internal/loader/configuration_setting_loader.go:142.16,144.3 1 0
azappconfig/provider/internal/loader/configuration_setting_loader.go:146.2,153.8 1 1
azappconfig/provider/internal/loader/configuration_setting_loader.go:156.211,158.16 2 0
azappconfig/provider/internal/loader/configuration_setting_loader.go:158.16,160.3 1 0
azappconfig/provider/internal/loader/configuration_setting_loader.go:162.2,162.33 1 0
azappconfig/provider/internal/loader/configuration_setting_loader.go:162.33,164.17 2 0
azappconfig/provider/internal/loader/configuration_setting_loader.go:164.17,166.4 1 0
azappconfig/provider/internal/loader/configuration_setting_loader.go:169.2,170.16 2 0
azappconfig/provider/internal/loader/configuration_setting_loader.go:170.16,172.3 1 0
azappconfig/provider/internal/loader/configuration_setting_loader.go:174.2,179.8 1 0
azappconfig/provider/internal/loader/configuration_setting_loader.go:182.166,184.16 2 0
azappconfig/provider/internal/loader/configuration_setting_loader.go:184.16,186.3 1 0
azappconfig/provider/internal/loader/configuration_setting_loader.go:188.2,189.16 2 0
azappconfig/provider/internal/loader/configuration_setting_loader.go:189.16,191.3 1 0
azappconfig/provider/internal/loader/configuration_setting_loader.go:193.2,195.16 3 0
azappconfig/provider/internal/loader/configuration_setting_loader.go:195.16,197.3 1 0
azappconfig/provider/internal/loader/configuration_setting_loader.go:199.2,204.8 1 0
azappconfig/provider/internal/loader/configuration_setting_loader.go:207.155,210.27 3 1
azappconfig/provider/internal/loader/configuration_setting_loader.go:210.27,214.3 1 0
azappconfig/provider/internal/loader/configuration_setting_loader.go:215.2,216.16 2 1
azappconfig/provider/internal/loader/configuration_setting_loader.go:216.16,218.3 1 1
azappconfig/provider/internal/loader/configuration_setting_loader.go:220.2,228.28 2 1
azappconfig/provider/internal/loader/configuration_setting_loader.go:228.28,233.3 1 1
azappconfig/provider/internal/loader/configuration_setting_loader.go:235.2,238.52 4 1
azappconfig/provider/internal/loader/configuration_setting_loader.go:238.52,240.27 2 1
azappconfig/provider/internal/loader/configuration_setting_loader.go:240.27,242.12 2 1
azappconfig/provider/internal/loader/configuration_setting_loader.go:245.3,245.33 1 1
azappconfig/provider/internal/loader/configuration_setting_loader.go:245.33,248.12 3 1
azappconfig/provider/internal/loader/configuration_setting_loader.go:250.3,250.67 1 1
azappconfig/provider/internal/loader/configuration_setting_loader.go:251.31,252.12 1 1
azappconfig/provider/internal/loader/configuration_setting_loader.go:253.35,254.28 1 1
azappconfig/provider/internal/loader/configuration_setting_loader.go:254.28,256.5 1 0
azappconfig/provider/internal/loader/configuration_setting_loader.go:258.4,258.30 1 1
azappconfig/provider/internal/loader/configuration_setting_loader.go:258.30,260.5 1 1
azappconfig/provider/internal/loader/configuration_setting_loader.go:262.4,264.69 3 1
azappconfig/provider/internal/loader/configuration_setting_loader.go:264.69,265.29 1 0
azappconfig/provider/internal/loader/configuration_setting_loader.go:265.29,267.6 1 0
azappconfig/provider/internal/loader/configuration_setting_loader.go:269.5,270.19 2 0
azappconfig/provider/internal/loader/configuration_setting_loader.go:270.19,272.6 1 0
azappconfig/provider/internal/loader/configuration_setting_loader.go:275.4,275.23 1 1
azappconfig/provider/internal/loader/configuration_setting_loader.go:275.23,276.79 1 0
azappconfig/provider/internal/loader/configuration_setting_loader.go:276.79,278.6 1 0
azappconfig/provider/internal/loader/configuration_setting_loader.go:278.11,280.6 1 0
azappconfig/provider/internal/loader/configuration_setting_loader.go:283.4,285.18 3 1
azappconfig/provider/internal/loader/configuration_setting_loader.go:285.18,287.5 1 0
azappconfig/provider/internal/loader/configuration_setting_loader.go:289.4,291.45 2 1
azappconfig/provider/internal/loader/configuration_setting_loader.go:291.45,293.5 1 1
azappconfig/provider/internal/loader/configuration_setting_loader.go:295.4,295.56 1 1
azappconfig/provider/internal/loader/configuration_setting_loader.go:295.56,300.5 1 0
azappconfig/provider/internal/loader/configuration_setting_loader.go:301.4,301.92 1 1
azappconfig/provider/internal/loader/configuration_setting_loader.go:302.11,305.53 3 0
azappconfig/provider/internal/loader/configuration_setting_loader.go:305.53,306.13 1 0
azappconfig/provider/internal/loader/configuration_setting_loader.go:308.4,308.57 1 0
azappconfig/provider/internal/loader/configuration_setting_loader.go:308.57,310.5 1 0
azappconfig/provider/internal/loader/configuration_setting_loader.go:311.4,311.58 1 0
azappconfig/provider/internal/loader/configuration_setting_loader.go:311.58,313.5 1 0
azappconfig/provider/internal/loader/configuration_setting_loader.go:317.2,321.107 3 1
azappconfig/provider/internal/loader/configuration_setting_loader.go:321.107,323.3 1 0
azappconfig/provider/internal/loader/configuration_setting_loader.go:323.8,326.17 3 1
azappconfig/provider/internal/loader/configuration_setting_loader.go:326.17,328.4 1 0
azappconfig/provider/internal/loader/configuration_setting_loader.go:331.2,331.25 1 1
azappconfig/provider/internal/loader/configuration_setting_loader.go:337.88,340.43 3 0
azappconfig/provider/internal/loader/configuration_setting_loader.go:340.43,343.28 3 0
azappconfig/provider/internal/loader/configuration_setting_loader.go:343.28,349.4 1 0
azappconfig/provider/internal/loader/configuration_setting_loader.go:350.3,351.17 2 0
azappconfig/provider/internal/loader/configuration_setting_loader.go:351.17,353.4 1 0
azappconfig/provider/internal/loader/configuration_setting_loader.go:355.3,355.86 1 0
azappconfig/provider/internal/loader/configuration_setting_loader.go:355.86,358.4 2 0
azappconfig/provider/internal/loader/configuration_setting_loader.go:361.2,361.45 1 0
azappconfig/provider/internal/loader/configuration_setting_loader.go:364.141,366.27 2 0
azappconfig/provider/internal/loader/configuration_setting_loader.go:366.27,370.3 1 0
azappconfig/provider/internal/loader/configuration_setting_loader.go:372.2,373.16 2 0
azappconfig/provider/internal/loader/configuration_setting_loader.go:373.16,375.3 1 0
azappconfig/provider/internal/loader/configuration_setting_loader.go:378.2,378.43 1 0
azappconfig/provider/internal/loader/configuration_setting_loader.go:381.161,384.27 3 1
azappconfig/provider/internal/loader/configuration_setting_loader.go:384.27,388.3 1 0
azappconfig/provider/internal/loader/configuration_setting_loader.go:389.2,390.16 2 1
azappconfig/provider/internal/loader/configuration_setting_loader.go:390.16,392.3 1 0
azappconfig/provider/internal/loader/configuration_setting_loader.go:394.2,398.72 5 1
azappconfig/provider/internal/loader/configuration_setting_loader.go:398.72,401.3 1 0
azappconfig/provider/internal/loader/configuration_setting_loader.go:404.2,404.43 1 1
azappconfig/provider/internal/loader/configuration_setting_loader.go:404.43,406.28 2 1
azappconfig/provider/internal/loader/configuration_setting_loader.go:406.28,407.12 1 1
azappconfig/provider/internal/loader/configuration_setting_loader.go:409.3,412.17 4 1
azappconfig/provider/internal/loader/configuration_setting_loader.go:412.17,414.4 1 0
azappconfig/provider/internal/loader/configuration_setting_loader.go:415.3,416.67 2 1
azappconfig/provider/internal/loader/configuration_setting_loader.go:420.2,420.73 1 1
azappconfig/provider/internal/loader/configuration_setting_loader.go:420.73,422.3 1 0
azappconfig/provider/internal/loader/configuration_setting_loader.go:425.2,429.56 2 1
azappconfig/provider/internal/loader/configuration_setting_loader.go:435.69,436.21 1 1
azappconfig/provider/internal/loader/configuration_setting_loader.go:436.21,437.76 1 1
azappconfig/provider/internal/loader/configuration_setting_loader.go:437.76,439.4 1 0
azappconfig/provider/internal/loader/configuration_setting_loader.go:439.9,441.4 1 1
azappconfig/provider/internal/loader/configuration_setting_loader.go:444.2,445.69 2 1
azappconfig/provider/internal/loader/configuration_setting_loader.go:445.69,452.60 3 1
azappconfig/provider/internal/loader/configuration_setting_loader.go:452.60,453.62 1 1
azappconfig/provider/internal/loader/configuration_setting_loader.go:453.62,457.81 3 1
azappconfig/provider/internal/loader/configuration_setting_loader.go:457.81,460.25 3 1
azappconfig/provider/internal/loader/configuration_setting_loader.go:460.25,462.21 2 1
azappconfig/provider/internal/loader/configuration_setting_loader.go:462.21,464.8 1 0
azappconfig/provider/internal/loader/configuration_setting_loader.go:465.7,467.38 3 1
azappconfig/provider/internal/loader/configuration_setting_loader.go:467.38,469.8 1 1
azappconfig/provider/internal/loader/configuration_setting_loader.go:471.7,471.17 1 1
azappconfig/provider/internal/loader/configuration_setting_loader.go:475.5,475.37 1 1
azappconfig/provider/internal/loader/configuration_setting_loader.go:475.37,477.6 1 0
azappconfig/provider/internal/loader/configuration_setting_loader.go:479.5,480.19 2 1
azappconfig/provider/internal/loader/configuration_setting_loader.go:480.19,482.6 1 0
azappconfig/provider/internal/loader/configuration_setting_loader.go:484.5,484.44 1 1
azappconfig/provider/internal/loader/configuration_setting_loader.go:484.44,486.6 1 1
azappconfig/provider/internal/loader/configuration_setting_loader.go:488.9,488.64 1 1
azappconfig/provider/internal/loader/configuration_setting_loader.go:488.64,489.23 1 1
azappconfig/provider/internal/loader/configuration_setting_loader.go:489.23,491.19 2 1
azappconfig/provider/internal/loader/configuration_setting_loader.go:491.19,493.6 1 0
azappconfig/provider/internal/loader/configuration_setting_loader.go:495.5,495.42 1 1
azappconfig/provider/internal/loader/configuration_setting_loader.go:495.42,497.6 1 0
azappconfig/provider/internal/loader/configuration_setting_loader.go:499.5,499.40 1 1
azappconfig/provider/internal/loader/configuration_setting_loader.go:500.22,501.119 1 1
azappconfig/provider/internal/loader/configuration_setting_loader.go:502.22,503.116 1 1
azappconfig/provider/internal/loader/configuration_setting_loader.go:504.13,505.80 1 1
azappconfig/provider/internal/loader/configuration_setting_loader.go:508.5,508.19 1 1
azappconfig/provider/internal/loader/configuration_setting_loader.go:508.19,510.6 1 1
azappconfig/provider/internal/loader/configuration_setting_loader.go:512.5,512.15 1 1
azappconfig/provider/internal/loader/configuration_setting_loader.go:517.3,517.35 1 1
azappconfig/provider/internal/loader/configuration_setting_loader.go:517.35,519.4 1 1
azappconfig/provider/internal/loader/configuration_setting_loader.go:522.2,525.8 1 1
azappconfig/provider/internal/loader/configuration_setting_loader.go:528.124,530.59 2 1
azappconfig/provider/internal/loader/configuration_setting_loader.go:530.59,532.3 1 0
azappconfig/provider/internal/loader/configuration_setting_loader.go:533.2,534.16 2 1
azappconfig/provider/internal/loader/configuration_setting_loader.go:534.16,536.3 1 0
azappconfig/provider/internal/loader/configuration_setting_loader.go:537.2,538.16 2 1
azappconfig/provider/internal/loader/configuration_setting_loader.go:538.16,540.3 1 0
azappconfig/provider/internal/loader/configuration_setting_loader.go:541.2,546.22 2 1
azappconfig/provider/internal/loader/configuration_setting_loader.go:549.141,551.16 2 1
azappconfig/provider/internal/loader/configuration_setting_loader.go:551.16,553.3 1 0
azappconfig/provider/internal/loader/configuration_setting_loader.go:555.2,555.23 1 1
azappconfig/provider/internal/loader/configuration_setting_loader.go:555.23,558.3 2 0
azappconfig/provider/internal/loader/configuration_setting_loader.go:560.2,561.131 2 1
azappconfig/provider/internal/loader/configuration_setting_loader.go:561.131,563.41 2 0
azappconfig/provider/internal/loader/configuration_setting_loader.go:563.41,565.64 2 0
azappconfig/provider/internal/loader/configuration_setting_loader.go:565.64,566.10 1 0
azappconfig/provider/internal/loader/configuration_setting_loader.go:571.3,571.37 1 0
azappconfig/provider/internal/loader/configuration_setting_loader.go:571.37,573.4 1 0
azappconfig/provider/internal/loader/configuration_setting_loader.go:576.2,578.58 3 1
azappconfig/provider/internal/loader/configuration_setting_loader.go:578.58,580.3 1 0
azappconfig/provider/internal/loader/configuration_setting_loader.go:581.2,581.40 1 1
azappconfig/provider/internal/loader/configuration_setting_loader.go:581.40,582.21 1 1
azappconfig/provider/internal/loader/configuration_setting_loader.go:582.21,586.4 3 0
azappconfig/provider/internal/loader/configuration_setting_loader.go:587.3,589.17 3 1
azappconfig/provider/internal/loader/configuration_setting_loader.go:589.17,592.27 3 1
azappconfig/provider/internal/loader/configuration_setting_loader.go:592.27,596.13 4 1
azappconfig/provider/internal/loader/configuration_setting_loader.go:598.4,598.19 1 1
azappconfig/provider/internal/loader/configuration_setting_loader.go:601.3,601.73 1 1
azappconfig/provider/internal/loader/configuration_setting_loader.go:601.73,603.4 1 0
azappconfig/provider/internal/loader/configuration_setting_loader.go:604.3,605.31 2 1
azappconfig/provider/internal/loader/configuration_setting_loader.go:609.2,610.92 2 0
azappconfig/provider/internal/loader/configuration_setting_loader.go:613.92,614.16 1 1
azappconfig/provider/internal/loader/configuration_setting_loader.go:614.16,617.39 2 1
azappconfig/provider/internal/loader/configuration_setting_loader.go:617.39,619.4 1 0
azappconfig/provider/internal/loader/configuration_setting_loader.go:621.3,621.33 1 1
azappconfig/provider/internal/loader/configuration_setting_loader.go:622.8,624.39 1 1
azappconfig/provider/internal/loader/configuration_setting_loader.go:624.39,626.4 1 1
azappconfig/provider/internal/loader/configuration_setting_loader.go:627.3,628.125 2 1
azappconfig/provider/internal/loader/configuration_setting_loader.go:632.59,633.27 1 1
azappconfig/provider/internal/loader/configuration_setting_loader.go:633.27,634.34 1 1
azappconfig/provider/internal/loader/configuration_setting_loader.go:634.34,635.33 1 1
azappconfig/provider/internal/loader/configuration_setting_loader.go:635.33,637.5 1 1
azappconfig/provider/internal/loader/configuration_setting_loader.go:641.2,641.12 1 1
azappconfig/provider/internal/loader/configuration_setting_loader.go:644.113,646.16 2 0
azappconfig/provider/internal/loader/configuration_setting_loader.go:646.16,648.3 1 0
azappconfig/provider/internal/loader/configuration_setting_loader.go:649.2,650.16 2 0
azappconfig/provider/internal/loader/configuration_setting_loader.go:650.16,652.3 1 0
azappconfig/provider/internal/loader/configuration_setting_loader.go:654.2,656.16 3 0
azappconfig/provider/internal/loader/configuration_setting_loader.go:656.16,658.3 1 0
azappconfig/provider/internal/loader/configuration_setting_loader.go:660.2,660.29 1 0
azappconfig/provider/internal/loader/configuration_setting_loader.go:664.69,666.16 2 0
azappconfig/provider/internal/loader/configuration_setting_loader.go:666.16,668.3 1 0
azappconfig/provider/internal/loader/configuration_setting_loader.go:669.2,670.16 2 0
azappconfig/provider/internal/loader/configuration_setting_loader.go:670.16,672.3 1 0
azappconfig/provider/internal/loader/configuration_setting_loader.go:674.2,676.16 3 0
azappconfig/provider/internal/loader/configuration_setting_loader.go:676.16,678.3 1 0
azappconfig/provider/internal/loader/configuration_setting_loader.go:680.2,680.26 1 0
azappconfig/provider/internal/loader/configuration_setting_loader.go:683.91,685.2 1 1
azappconfig/provider/internal/loader/configuration_setting_loader.go:687.94,690.32 2 1
azappconfig/provider/internal/loader/configuration_setting_loader.go:690.32,692.48 2 1
azappconfig/provider/internal/loader/configuration_setting_loader.go:692.48,693.46 1 1
[...]
azappconfig/provider/internal/loader/configuration_setting_loader.go:795.2,795.37 1 1
azappconfig/provider/internal/loader/configuration_setting_loader.go:798.53,800.32 1 1
azappconfig/provider/internal/loader/configuration_setting_loader.go:800.32,802.3 1 1
azappconfig/provider/internal/loader/configuration_setting_loader.go:805.2,805.22 1 1
azappconfig/provider/internal/loader/configuration_setting_loader.go:805.22,807.3 1 0
azappconfig/provider/internal/loader/configuration_setting_loader.go:810.2,820.36 7 1
azappconfig/provider/internal/loader/configuration_setting_loader.go:820.36,821.31 1 1
azappconfig/provider/internal/loader/configuration_setting_loader.go:821.31,823.4 1 0
azappconfig/provider/internal/loader/configuration_setting_loader.go:826.2,826.13 1 1
azappconfig/provider/internal/loader/configuration_setting_loader.go:829.36,830.52 1 1
azappconfig/provider/internal/loader/configuration_setting_loader.go:830.52,832.3 1 1
azappconfig/provider/internal/loader/configuration_setting_loader.go:837.65,839.59 2 1
azappconfig/provider/internal/loader/configuration_setting_loader.go:839.59,841.3 1 1
azappconfig/provider/internal/loader/configuration_setting_loader.go:842.2,842.58 1 1
azappconfig/provider/internal/loader/configuration_setting_loader.go:842.58,845.17 3 1
azappconfig/provider/internal/loader/configuration_setting_loader.go:845.17,848.4 2 0
azappconfig/provider/internal/loader/configuration_setting_loader.go:850.3,852.17 3 1
azappconfig/provider/internal/loader/configuration_setting_loader.go:852.17,855.4 2 0
azappconfig/provider/internal/loader/configuration_setting_loader.go:856.3,856.49 1 1
azappconfig/provider/internal/loader/configuration_setting_loader.go:859.2,859.27 1 1
azappconfig/provider/internal/loader/configuration_setting_loader.go:862.68,868.53 2 0
azappconfig/provider/internal/loader/configuration_setting_loader.go:868.53,869.41 1 0
azappconfig/provider/internal/loader/configuration_setting_loader.go:869.41,871.4 1 0
azappconfig/provider/internal/loader/configuration_setting_loader.go:871.9,873.4 1 0
azappconfig/provider/internal/loader/configuration_setting_loader.go:874.8,876.3 1 0
azappconfig/provider/internal/loader/configuration_setting_loader.go:879.69,881.16 2 1
azappconfig/provider/internal/loader/configuration_setting_loader.go:881.16,883.3 1 1
azappconfig/provider/internal/loader/configuration_setting_loader.go:885.2,886.16 2 1
azappconfig/provider/internal/loader/configuration_setting_loader.go:886.16,888.3 1 0
azappconfig/provider/internal/loader/configuration_setting_loader.go:890.2,890.32 1 1
azappconfig/provider/internal/loader/configuration_setting_loader.go:893.66,895.102 2 1
azappconfig/provider/internal/loader/configuration_setting_loader.go:895.102,897.3 1 1
azappconfig/provider/internal/loader/configuration_setting_loader.go:898.2,898.25 1 1
azappconfig/provider/internal/loader/configuration_setting_loader.go:898.25,900.3 1 1
azappconfig/provider/internal/loader/configuration_setting_loader.go:902.2,902.33 1 1
azappconfig/provider/internal/loader/configuration_setting_loader.go:905.67,913.33 2 1
azappconfig/provider/internal/loader/configuration_setting_loader.go:913.33,916.34 2 1
azappconfig/provider/internal/loader/configuration_setting_loader.go:916.34,918.4 1 1
azappconfig/provider/internal/loader/configuration_setting_loader.go:918.9,920.18 2 1
azappconfig/provider/internal/loader/configuration_setting_loader.go:920.18,922.5 1 0
azappconfig/provider/internal/loader/configuration_setting_loader.go:928.4,929.18 2 1
azappconfig/provider/internal/loader/configuration_setting_loader.go:929.18,931.5 1 0
azappconfig/provider/internal/loader/configuration_setting_loader.go:932.4,932.65 1 1
azappconfig/provider/internal/loader/configuration_setting_loader.go:936.2,936.37 1 1
azappconfig/provider/internal/loader/configuration_setting_loader.go:939.57,940.62 1 1
azappconfig/provider/internal/loader/configuration_setting_loader.go:940.62,942.3 1 1
azappconfig/provider/internal/loader/configuration_setting_loader.go:943.2,943.62 1 0
azappconfig/provider/internal/loader/configuration_setting_loader.go:943.62,945.3 1 0
azappconfig/provider/internal/loader/configuration_setting_loader.go:946.2,946.59 1 0
azappconfig/provider/internal/loader/configuration_setting_loader.go:946.59,948.3 1 0
azappconfig/provider/internal/loader/configuration_setting_loader.go:949.2,949.75 1 0
azappconfig/provider/internal/loader/configuration_setting_loader.go:952.93,953.30 1 1
azappconfig/provider/internal/loader/configuration_setting_loader.go:953.30,954.30 1 1
azappconfig/provider/internal/loader/configuration_setting_loader.go:954.30,956.4 1 1
azappconfig/provider/internal/loader/configuration_setting_loader.go:956.9,956.38 1 0
azappconfig/provider/internal/loader/configuration_setting_loader.go:956.38,958.4 1 0
azappconfig/provider/internal/loader/configuration_setting_loader.go:958.9,960.4 1 0
azappconfig/provider/internal/loader/configuration_setting_loader.go:963.2,963.12 1 1
azappconfig/provider/internal/loader/configuration_setting_loader.go:967.59,970.12 3 0
azappconfig/provider/internal/loader/configuration_setting_loader.go:970.12,972.3 1 0
azappconfig/provider/internal/loader/configuration_setting_loader.go:974.2,978.35 3 0
azappconfig/provider/internal/loader/configuration_setting_loader.go:981.76,982.18 1 0
azappconfig/provider/internal/loader/configuration_setting_loader.go:982.18,986.3 3 0
azappconfig/provider/internal/loader/configuration_setting_loader.go:989.88,993.69 2 1
azappconfig/provider/internal/loader/configuration_setting_loader.go:993.69,995.3 1 1
azappconfig/provider/internal/loader/configuration_setting_loader.go:997.2,997.29 1 1
azappconfig/provider/internal/loader/configuration_setting_loader.go:1000.114,1001.77 1 1
azappconfig/provider/internal/loader/configuration_setting_loader.go:1001.77,1002.65 1 1
azappconfig/provider/internal/loader/configuration_setting_loader.go:1002.65,1004.23 2 1
azappconfig/provider/internal/loader/configuration_setting_loader.go:1004.23,1006.5 1 1
azappconfig/provider/internal/loader/configuration_setting_loader.go:1009.4,1011.37 3 1
azappconfig/provider/internal/loader/errors.go:20.40,22.2 1 0
azappconfig/provider/internal/loader/errors.go:24.63,29.2 1 0
azappconfig/provider/internal/loader/errors.go:31.37,32.16 1 1
azappconfig/provider/internal/loader/errors.go:32.16,34.3 1 0
azappconfig/provider/internal/loader/errors.go:36.2,36.34 1 1
azappconfig/provider/internal/loader/errors.go:36.34,38.3 1 1
azappconfig/provider/internal/loader/errors.go:40.2,44.58 2 1
azappconfig/provider/internal/loader/errors.go:44.58,46.3 1 0
azappconfig/provider/internal/loader/errors.go:48.2,48.14 1 1
azappconfig/provider/internal/loader/keyvault_reference_resolver.go:39.60,42.76 3 1
azappconfig/provider/internal/loader/keyvault_reference_resolver.go:42.76,44.17 2 1
azappconfig/provider/internal/loader/keyvault_reference_resolver.go:44.17,46.4 1 0
azappconfig/provider/internal/loader/keyvault_reference_resolver.go:47.3,48.67 2 1
azappconfig/provider/internal/loader/keyvault_reference_resolver.go:51.2,51.118 1 1
azappconfig/provider/internal/loader/keyvault_reference_resolver.go:54.66,61.73 2 1
azappconfig/provider/internal/loader/keyvault_reference_resolver.go:61.73,63.3 1 1
azappconfig/provider/internal/loader/keyvault_reference_resolver.go:64.2,65.16 2 1
azappconfig/provider/internal/loader/keyvault_reference_resolver.go:65.16,67.3 1 0
azappconfig/provider/internal/loader/keyvault_reference_resolver.go:69.2,71.89 3 1
azappconfig/provider/internal/loader/keyvault_reference_resolver.go:71.89,73.3 1 1
azappconfig/provider/internal/loader/keyvault_reference_resolver.go:75.2,76.24 2 1
azappconfig/provider/internal/loader/keyvault_reference_resolver.go:76.24,78.3 1 1
azappconfig/provider/internal/loader/keyvault_reference_resolver.go:78.8,80.3 1 1
azappconfig/provider/internal/loader/keyvault_reference_resolver.go:81.2,90.20 4 1
azappconfig/provider/internal/loader/request_tracing.go:52.149,58.61 4 1
azappconfig/provider/internal/loader/request_tracing.go:58.61,59.41 1 1
azappconfig/provider/internal/loader/request_tracing.go:59.41,61.4 1 1
azappconfig/provider/internal/loader/request_tracing.go:61.9,63.4 1 1
azappconfig/provider/internal/loader/request_tracing.go:66.2,66.33 1 1
azappconfig/provider/internal/loader/request_tracing.go:66.33,70.41 2 1
azappconfig/provider/internal/loader/request_tracing.go:70.41,72.4 1 1
azappconfig/provider/internal/loader/request_tracing.go:75.2,75.38 1 1
azappconfig/provider/internal/loader/request_tracing.go:75.38,77.3 1 1
azappconfig/provider/internal/loader/request_tracing.go:79.2,79.43 1 1
azappconfig/provider/internal/loader/request_tracing.go:79.43,82.40 2 1
azappconfig/provider/internal/loader/request_tracing.go:82.40,84.4 1 1
azappconfig/provider/internal/loader/request_tracing.go:87.2,88.40 2 1
azappconfig/provider/internal/loader/request_tracing.go:88.40,90.3 1 1
azappconfig/provider/internal/loader/request_tracing.go:92.2,92.40 1 1
azappconfig/provider/internal/loader/request_tracing.go:92.40,94.3 1 1
azappconfig/provider/internal/loader/request_tracing.go:96.2,96.54 1 1
azappconfig/provider/internal/loader/request_tracing.go:96.54,98.3 1 1
azappconfig/provider/internal/loader/request_tracing.go:100.2,100.23 1 1
azappconfig/provider/internal/loader/request_tracing.go:100.23,103.3 2 1
azappconfig/provider/internal/loader/request_tracing.go:105.2,105.54 1 1
azappconfig/provider/internal/loader/request_tracing.go:105.54,107.3 1 1
azappconfig/provider/internal/loader/request_tracing.go:107.8,109.3 1 1
azappconfig/provider/internal/loader/request_tracing.go:111.2,113.15 2 1
azappconfig/provider/internal/loader/settings_client.go:42.118,45.51 3 0
azappconfig/provider/internal/loader/settings_client.go:45.51,47.30 2 0
azappconfig/provider/internal/loader/settings_client.go:47.30,48.33 1 0
azappconfig/provider/internal/loader/settings_client.go:48.33,50.5 1 0
azappconfig/provider/internal/loader/settings_client.go:51.4,59.35 3 0
azappconfig/provider/internal/loader/settings_client.go:59.35,61.5 1 0
azappconfig/provider/internal/loader/settings_client.go:63.4,68.21 3 0
azappconfig/provider/internal/loader/settings_client.go:68.21,71.19 3 0
azappconfig/provider/internal/loader/settings_client.go:71.19,73.6 1 0
azappconfig/provider/internal/loader/settings_client.go:75.5,75.25 1 0
azappconfig/provider/internal/loader/settings_client.go:75.25,78.6 2 0
azappconfig/provider/internal/loader/settings_client.go:81.4,81.35 1 0
azappconfig/provider/internal/loader/settings_client.go:81.35,84.5 2 0
azappconfig/provider/internal/loader/settings_client.go:88.2,90.30 2 0
azappconfig/provider/internal/loader/settings_client.go:93.122,95.16 2 0
azappconfig/provider/internal/loader/settings_client.go:95.16,97.31 2 0
azappconfig/provider/internal/loader/settings_client.go:97.31,99.62 2 0
azappconfig/provider/internal/loader/settings_client.go:99.62,101.5 1 0
azappconfig/provider/internal/loader/settings_client.go:101.10,103.5 1 0
azappconfig/provider/internal/loader/settings_client.go:104.4,104.30 1 0
azappconfig/provider/internal/loader/settings_client.go:105.13,107.20 2 0
azappconfig/provider/internal/loader/settings_client.go:108.13,112.11 2 0
azappconfig/provider/internal/loader/settings_client.go:116.3,116.18 1 0
azappconfig/provider/internal/loader/settings_client.go:119.2,121.8 1 0
azappconfig/provider/internal/loader/settings_client.go:124.122,128.37 3 0
azappconfig/provider/internal/loader/settings_client.go:128.37,129.30 1 0
azappconfig/provider/internal/loader/settings_client.go:129.30,139.21 4 0
azappconfig/provider/internal/loader/settings_client.go:139.21,141.19 2 0
azappconfig/provider/internal/loader/settings_client.go:141.19,143.6 1 0
azappconfig/provider/internal/loader/settings_client.go:143.11,143.36 1 0
azappconfig/provider/internal/loader/settings_client.go:143.36,146.6 2 0
azappconfig/provider/internal/loader/settings_client.go:149.4,149.57 1 0
azappconfig/provider/internal/loader/settings_client.go:150.9,152.18 2 0
azappconfig/provider/internal/loader/settings_client.go:152.18,154.5 1 0
azappconfig/provider/internal/loader/settings_client.go:156.4,156.67 1 0
azappconfig/provider/internal/loader/settings_client.go:156.67,158.5 1 0
azappconfig/provider/internal/loader/settings_client.go:160.4,162.21 2 0
azappconfig/provider/internal/loader/settings_client.go:162.21,164.19 2 0
azappconfig/provider/internal/loader/settings_client.go:164.19,166.6 1 0
azappconfig/provider/internal/loader/settings_client.go:166.11,166.36 1 0
azappconfig/provider/internal/loader/settings_client.go:166.36,168.6 1 0
azappconfig/provider/internal/loader/settings_client.go:173.2,176.8 1 0
azappconfig/provider/internal/loader/tree.go:15.58,17.29 2 1
azappconfig/provider/internal/loader/tree.go:17.29,18.27 1 1
azappconfig/provider/internal/loader/tree.go:18.27,20.4 1 1
azappconfig/provider/internal/loader/tree.go:22.3,23.10 2 1
azappconfig/provider/internal/loader/tree.go:23.10,26.4 2 1
azappconfig/provider/internal/loader/tree.go:28.3,29.24 2 1
azappconfig/provider/internal/loader/tree.go:29.24,30.31 1 1
azappconfig/provider/internal/loader/tree.go:31.32,32.27 1 1
azappconfig/provider/internal/loader/tree.go:32.27,34.6 1 1
azappconfig/provider/internal/loader/tree.go:35.23,36.27 1 1
azappconfig/provider/internal/loader/tree.go:36.27,38.6 1 1
azappconfig/provider/internal/loader/tree.go:39.12,40.23 1 1
azappconfig/provider/internal/loader/tree.go:46.47,48.31 2 1
azappconfig/provider/internal/loader/tree.go:48.31,50.3 1 1
azappconfig/provider/internal/loader/tree.go:52.2,52.15 1 1
azappconfig/provider/internal/loader/tree.go:55.40,56.26 1 1
azappconfig/provider/internal/loader/tree.go:56.26,58.3 1 1
azappconfig/provider/internal/loader/tree.go:60.2,63.31 3 1
azappconfig/provider/internal/loader/tree.go:63.31,65.54 2 1
azappconfig/provider/internal/loader/tree.go:65.54,67.9 2 1
azappconfig/provider/internal/loader/tree.go:69.3,69.25 1 1
azappconfig/provider/internal/loader/tree.go:72.2,72.13 1 1
azappconfig/provider/internal/loader/tree.go:72.13,74.39 2 1
azappconfig/provider/internal/loader/tree.go:74.39,76.4 1 1
azappconfig/provider/internal/loader/tree.go:77.3,77.16 1 1
azappconfig/provider/internal/loader/tree.go:80.2,81.35 2 1
azappconfig/provider/internal/loader/tree.go:81.35,83.3 1 1
azappconfig/provider/internal/loader/tree.go:85.2,85.15 1 1
azappconfig/provider/internal/loader/typed_setting.go:18.111,20.86 2 1
azappconfig/provider/internal/loader/typed_setting.go:20.86,22.3 1 1
azappconfig/provider/internal/loader/typed_setting.go:24.2,24.101 1 1
azappconfig/provider/internal/loader/typed_setting.go:24.101,26.50 2 1
azappconfig/provider/internal/loader/typed_setting.go:26.50,27.16 1 1
azappconfig/provider/internal/loader/typed_setting.go:27.16,29.5 1 1
azappconfig/provider/internal/loader/typed_setting.go:29.10,31.5 1 1
azappconfig/provider/internal/loader/typed_setting.go:34.3,34.62 1 1
azappconfig/provider/internal/loader/typed_setting.go:34.62,36.4 1 1
azappconfig/provider/internal/loader/typed_setting.go:38.3,39.21 2 1
azappconfig/provider/internal/loader/typed_setting.go:42.2,44.49 3 1
azappconfig/provider/internal/loader/typed_setting.go:44.49,46.15 2 1
azappconfig/provider/internal/loader/typed_setting.go:46.15,48.43 2 1
azappconfig/provider/internal/loader/typed_setting.go:48.43,51.19 3 1
azappconfig/provider/internal/loader/typed_setting.go:51.19,53.82 1 0
azappconfig/provider/internal/loader/typed_setting.go:53.82,55.7 1 0
azappconfig/provider/internal/loader/typed_setting.go:56.11,58.6 1 1
azappconfig/provider/internal/loader/typed_setting.go:62.3,62.35 1 1
azappconfig/provider/internal/loader/typed_setting.go:62.35,64.4 1 1
azappconfig/provider/internal/loader/typed_setting.go:64.9,66.4 1 1
azappconfig/provider/internal/loader/typed_setting.go:69.2,69.34 1 1
azappconfig/provider/internal/loader/typed_setting.go:69.34,71.3 1 1
azappconfig/provider/internal/loader/typed_setting.go:73.2,73.44 1 1
azappconfig/provider/internal/loader/typed_setting.go:73.44,76.3 1 1
azappconfig/provider/internal/loader/typed_setting.go:78.2,78.79 1 1
azappconfig/provider/internal/loader/typed_setting.go:78.79,80.3 1 0
azappconfig/provider/internal/loader/typed_setting.go:80.8,82.3 1 1
azappconfig/provider/internal/loader/typed_setting.go:84.2,84.20 1 1
azappconfig/provider/internal/loader/typed_setting.go:87.114,89.26 2 1
azappconfig/provider/internal/loader/typed_setting.go:89.26,91.3 1 1
azappconfig/provider/internal/loader/typed_setting.go:93.2,93.61 1 1
azappconfig/provider/internal/loader/typed_setting.go:93.61,95.3 1 1
azappconfig/provider/internal/loader/typed_setting.go:97.2,97.42 1 1
azappconfig/provider/internal/loader/typed_setting.go:97.42,100.3 2 1
azappconfig/provider/internal/loader/typed_setting.go:102.2,105.31 3 1
azappconfig/provider/internal/loader/typed_setting.go:105.31,106.35 1 1
azappconfig/provider/internal/loader/typed_setting.go:106.35,108.4 1 1
azappconfig/provider/internal/loader/typed_setting.go:108.9,110.4 1 1
azappconfig/provider/internal/loader/typed_setting.go:113.2,113.34 1 1
azappconfig/provider/internal/loader/typed_setting.go:113.34,115.3 1 1
azappconfig/provider/internal/loader/typed_setting.go:117.2,117.79 1 1
azappconfig/provider/internal/loader/typed_setting.go:117.79,119.3 1 0
azappconfig/provider/internal/loader/typed_setting.go:119.8,121.3 1 1
azappconfig/provider/internal/loader/typed_setting.go:123.2,123.20 1 1
azappconfig/provider/internal/loader/typed_setting.go:126.59,129.21 3 1
azappconfig/provider/internal/loader/typed_setting.go:129.21,131.30 2 1
azappconfig/provider/internal/loader/typed_setting.go:131.30,133.27 2 1
azappconfig/provider/internal/loader/typed_setting.go:133.27,135.5 1 1
azappconfig/provider/internal/loader/typed_setting.go:136.4,136.7 1 1
azappconfig/provider/internal/loader/typed_setting.go:140.2,140.31 1 1
azappconfig/provider/internal/loader/typed_setting.go:143.50,144.24 1 1
azappconfig/provider/internal/loader/typed_setting.go:144.24,146.3 1 1
azappconfig/provider/internal/loader/typed_setting.go:147.2,149.16 3 1
azappconfig/provider/internal/loader/typed_setting.go:154.158,157.83 3 0
azappconfig/provider/internal/loader/typed_setting.go:157.83,159.3 1 0
azappconfig/provider/internal/loader/typed_setting.go:161.2,163.26 3 0
azappconfig/provider/internal/loader/typed_setting.go:164.18,166.17 2 0
azappconfig/provider/internal/loader/typed_setting.go:166.17,168.4 1 0
azappconfig/provider/internal/loader/typed_setting.go:169.18,171.17 2 0
azappconfig/provider/internal/loader/typed_setting.go:171.17,173.4 1 0
azappconfig/provider/internal/loader/typed_setting.go:174.10,175.111 1 0
azappconfig/provider/internal/loader/typed_setting.go:178.2,178.107 1 0
azappconfig/provider/internal/loader/typed_setting.go:178.107,180.3 1 0
azappconfig/provider/internal/loader/typed_setting.go:181.2,182.50 2 0
azappconfig/provider/internal/loader/typed_setting.go:185.103,186.26 1 1
azappconfig/provider/internal/loader/typed_setting.go:187.18,189.17 2 1
azappconfig/provider/internal/loader/typed_setting.go:189.17,191.4 1 0
azappconfig/provider/internal/loader/typed_setting.go:192.3,192.30 1 1
azappconfig/provider/internal/loader/typed_setting.go:193.18,195.17 2 1
azappconfig/provider/internal/loader/typed_setting.go:195.17,197.4 1 0
azappconfig/provider/internal/loader/typed_setting.go:198.3,198.30 1 1
azappconfig/provider/internal/loader/typed_setting.go:201.2,201.16 1 0
azappconfig/provider/internal/loader/typed_setting.go:204.61,206.2 1 1
azappconfig/provider/internal/loader/typed_setting.go:208.62,210.2 1 1
azappconfig/provider/internal/loader/typed_setting.go:213.56,218.34 2 1
azappconfig/provider/internal/loader/typed_setting.go:218.34,222.42 2 1
azappconfig/provider/internal/loader/typed_setting.go:222.42,227.31 3 1
azappconfig/provider/internal/loader/typed_setting.go:227.31,229.5 1 1
azappconfig/provider/internal/loader/typed_setting.go:233.2,233.14 1 1
